{"C:\\Users\\madhioub\\Desktop\\oms-express-server\\src\\app.ts": {"path":"C:\\Users\\madhioub\\Desktop\\oms-express-server\\src\\app.ts","statementMap":{"0":{"start":{"line":1,"column":0},"end":{"line":1,"column":30}},"1":{"start":{"line":2,"column":0},"end":{"line":2,"column":42}},"2":{"start":{"line":5,"column":0},"end":{"line":5,"column":54}},"3":{"start":{"line":6,"column":0},"end":{"line":6,"column":52}},"4":{"start":{"line":7,"column":0},"end":{"line":7,"column":63}},"5":{"start":{"line":9,"column":0},"end":{"line":9,"column":48}},"6":{"start":{"line":10,"column":0},"end":{"line":10,"column":56}},"7":{"start":{"line":11,"column":0},"end":{"line":11,"column":54}},"8":{"start":{"line":12,"column":0},"end":{"line":12,"column":54}},"9":{"start":{"line":13,"column":0},"end":{"line":13,"column":24}},"10":{"start":{"line":14,"column":0},"end":{"line":14,"column":46}},"11":{"start":{"line":15,"column":0},"end":{"line":15,"column":64}},"12":{"start":{"line":17,"column":12},"end":{"line":17,"column":21}},"13":{"start":{"line":68,"column":9},"end":{"line":68,"column":12}},"14":{"start":{"line":22,"column":0},"end":{"line":22,"column":48}},"15":{"start":{"line":23,"column":0},"end":{"line":23,"column":24}},"16":{"start":{"line":26,"column":0},"end":{"line":26,"column":16}},"17":{"start":{"line":29,"column":0},"end":{"line":29,"column":33}},"18":{"start":{"line":30,"column":0},"end":{"line":30,"column":59}},"19":{"start":{"line":30,"column":31},"end":{"line":30,"column":57}},"20":{"start":{"line":33,"column":0},"end":{"line":35,"column":3}},"21":{"start":{"line":34,"column":2},"end":{"line":34,"column":27}},"22":{"start":{"line":36,"column":0},"end":{"line":36,"column":29}},"23":{"start":{"line":42,"column":24},"end":{"line":50,"column":2}},"24":{"start":{"line":54,"column":0},"end":{"line":62,"column":3}},"25":{"start":{"line":55,"column":21},"end":{"line":55,"column":46}},"26":{"start":{"line":57,"column":2},"end":{"line":59,"column":3}},"27":{"start":{"line":58,"column":4},"end":{"line":58,"column":82}},"28":{"start":{"line":61,"column":2},"end":{"line":61,"column":9}},"29":{"start":{"line":64,"column":0},"end":{"line":66,"column":3}},"30":{"start":{"line":65,"column":2},"end":{"line":65,"column":39}}},"fnMap":{"0":{"name":"(anonymous_1)","decl":{"start":{"line":30,"column":19},"end":{"line":30,"column":20}},"loc":{"start":{"line":30,"column":31},"end":{"line":30,"column":57}}},"1":{"name":"(anonymous_2)","decl":{"start":{"line":33,"column":17},"end":{"line":33,"column":18}},"loc":{"start":{"line":33,"column":28},"end":{"line":35,"column":1}}},"2":{"name":"(anonymous_3)","decl":{"start":{"line":54,"column":8},"end":{"line":54,"column":9}},"loc":{"start":{"line":54,"column":27},"end":{"line":62,"column":1}}},"3":{"name":"(anonymous_4)","decl":{"start":{"line":64,"column":24},"end":{"line":64,"column":25}},"loc":{"start":{"line":64,"column":44},"end":{"line":66,"column":1}}}},"branchMap":{"0":{"loc":{"start":{"line":57,"column":2},"end":{"line":59,"column":3}},"type":"if","locations":[{"start":{"line":57,"column":2},"end":{"line":59,"column":3}}]},"1":{"loc":{"start":{"line":57,"column":6},"end":{"line":57,"column":102}},"type":"binary-expr","locations":[{"start":{"line":57,"column":6},"end":{"line":57,"column":16}},{"start":{"line":57,"column":20},"end":{"line":57,"column":102}}]}},"s":{"0":1,"1":1,"2":1,"3":1,"4":1,"5":1,"6":1,"7":1,"8":1,"9":1,"10":1,"11":1,"12":1,"13":1,"14":1,"15":1,"16":1,"17":1,"18":1,"19":0,"20":1,"21":0,"22":1,"23":1,"24":1,"25":3,"26":3,"27":1,"28":2,"29":1,"30":7},"f":{"0":0,"1":0,"2":3,"3":7},"b":{"0":[1],"1":[3,2]}}
,"C:\\Users\\madhioub\\Desktop\\oms-express-server\\src\\errors\\base.error.ts": {"path":"C:\\Users\\madhioub\\Desktop\\oms-express-server\\src\\errors\\base.error.ts","statementMap":{"0":{"start":{"line":7,"column":4},"end":{"line":7,"column":12}},"1":{"start":{"line":8,"column":4},"end":{"line":8,"column":27}},"2":{"start":{"line":9,"column":4},"end":{"line":9,"column":33}},"3":{"start":{"line":10,"column":4},"end":{"line":10,"column":27}},"4":{"start":{"line":1,"column":0},"end":{"line":1,"column":13}}},"fnMap":{"0":{"name":"(anonymous_0)","decl":{"start":{"line":6,"column":2},"end":{"line":6,"column":14}},"loc":{"start":{"line":6,"column":74},"end":{"line":11,"column":3}}}},"branchMap":{},"s":{"0":0,"1":0,"2":0,"3":0,"4":1},"f":{"0":0},"b":{}}
,"C:\\Users\\madhioub\\Desktop\\oms-express-server\\src\\errors\\internal.error.ts": {"path":"C:\\Users\\madhioub\\Desktop\\oms-express-server\\src\\errors\\internal.error.ts","statementMap":{"0":{"start":{"line":1,"column":0},"end":{"line":1,"column":41}},"1":{"start":{"line":5,"column":4},"end":{"line":5,"column":34}},"2":{"start":{"line":3,"column":0},"end":{"line":3,"column":13}}},"fnMap":{"0":{"name":"(anonymous_0)","decl":{"start":{"line":4,"column":2},"end":{"line":4,"column":null}},"loc":{"start":{"line":4,"column":2},"end":{"line":6,"column":3}}}},"branchMap":{},"s":{"0":1,"1":0,"2":1},"f":{"0":0},"b":{}}
,"C:\\Users\\madhioub\\Desktop\\oms-express-server\\src\\errors\\not-found.error.ts": {"path":"C:\\Users\\madhioub\\Desktop\\oms-express-server\\src\\errors\\not-found.error.ts","statementMap":{"0":{"start":{"line":1,"column":0},"end":{"line":1,"column":41}},"1":{"start":{"line":5,"column":4},"end":{"line":5,"column":40}},"2":{"start":{"line":3,"column":0},"end":{"line":3,"column":13}}},"fnMap":{"0":{"name":"(anonymous_0)","decl":{"start":{"line":4,"column":2},"end":{"line":4,"column":14}},"loc":{"start":{"line":4,"column":30},"end":{"line":6,"column":3}}}},"branchMap":{"0":{"loc":{"start":{"line":5,"column":10},"end":{"line":5,"column":33}},"type":"binary-expr","locations":[{"start":{"line":5,"column":10},"end":{"line":5,"column":17}},{"start":{"line":5,"column":21},"end":{"line":5,"column":33}}]}},"s":{"0":1,"1":0,"2":1},"f":{"0":0},"b":{"0":[0,0]}}
,"C:\\Users\\madhioub\\Desktop\\oms-express-server\\src\\handlers\\ad.handlers.ts": {"path":"C:\\Users\\madhioub\\Desktop\\oms-express-server\\src\\handlers\\ad.handlers.ts","statementMap":{"0":{"start":{"line":2,"column":0},"end":{"line":2,"column":40}},"1":{"start":{"line":3,"column":0},"end":{"line":3,"column":58}},"2":{"start":{"line":4,"column":0},"end":{"line":4,"column":20}},"3":{"start":{"line":5,"column":0},"end":{"line":5,"column":24}},"4":{"start":{"line":6,"column":0},"end":{"line":6,"column":57}},"5":{"start":{"line":7,"column":0},"end":{"line":7,"column":32}},"6":{"start":{"line":34,"column":24},"end":{"line":40,"column":1}},"7":{"start":{"line":35,"column":13},"end":{"line":37,"column":4}},"8":{"start":{"line":39,"column":2},"end":{"line":39,"column":15}},"9":{"start":{"line":34,"column":13},"end":{"line":34,"column":24}},"10":{"start":{"line":42,"column":24},"end":{"line":93,"column":1}},"11":{"start":{"line":43,"column":2},"end":{"line":92,"column":3}},"12":{"start":{"line":44,"column":19},"end":{"line":44,"column":29}},"13":{"start":{"line":45,"column":4},"end":{"line":45,"column":43}},"14":{"start":{"line":46,"column":15},"end":{"line":46,"column":41}},"15":{"start":{"line":47,"column":4},"end":{"line":49,"column":5}},"16":{"start":{"line":48,"column":6},"end":{"line":48,"column":47}},"17":{"start":{"line":51,"column":21},"end":{"line":51,"column":77}},"18":{"start":{"line":52,"column":4},"end":{"line":54,"column":5}},"19":{"start":{"line":53,"column":6},"end":{"line":53,"column":50}},"20":{"start":{"line":57,"column":7},"end":{"line":57,"column":73}},"21":{"start":{"line":59,"column":23},"end":{"line":59,"column":44}},"22":{"start":{"line":60,"column":22},"end":{"line":64,"column":6}},"23":{"start":{"line":61,"column":22},"end":{"line":61,"column":56}},"24":{"start":{"line":62,"column":6},"end":{"line":62,"column":40}},"25":{"start":{"line":63,"column":6},"end":{"line":63,"column":51}},"26":{"start":{"line":66,"column":32},"end":{"line":66,"column":61}},"27":{"start":{"line":67,"column":29},"end":{"line":67,"column":47}},"28":{"start":{"line":68,"column":4},"end":{"line":72,"column":5}},"29":{"start":{"line":69,"column":22},"end":{"line":69,"column":71}},"30":{"start":{"line":70,"column":6},"end":{"line":70,"column":55}},"31":{"start":{"line":71,"column":6},"end":{"line":71,"column":80}},"32":{"start":{"line":74,"column":4},"end":{"line":81,"column":5}},"33":{"start":{"line":75,"column":25},"end":{"line":77,"column":38}},"34":{"start":{"line":78,"column":6},"end":{"line":80,"column":8}},"35":{"start":{"line":79,"column":24},"end":{"line":79,"column":55}},"36":{"start":{"line":83,"column":4},"end":{"line":83,"column":57}},"37":{"start":{"line":84,"column":4},"end":{"line":84,"column":44}},"38":{"start":{"line":85,"column":4},"end":{"line":85,"column":32}},"39":{"start":{"line":86,"column":4},"end":{"line":86,"column":20}},"40":{"start":{"line":88,"column":4},"end":{"line":88,"column":17}},"41":{"start":{"line":90,"column":4},"end":{"line":90,"column":47}},"42":{"start":{"line":91,"column":4},"end":{"line":91,"column":30}},"43":{"start":{"line":42,"column":13},"end":{"line":42,"column":24}},"44":{"start":{"line":94,"column":22},"end":{"line":126,"column":1}},"45":{"start":{"line":95,"column":35},"end":{"line":95,"column":45}},"46":{"start":{"line":97,"column":21},"end":{"line":97,"column":49}},"47":{"start":{"line":98,"column":20},"end":{"line":98,"column":49}},"48":{"start":{"line":100,"column":2},"end":{"line":125,"column":3}},"49":{"start":{"line":101,"column":4},"end":{"line":106,"column":5}},"50":{"start":{"line":102,"column":6},"end":{"line":104,"column":76}},"51":{"start":{"line":105,"column":6},"end":{"line":105,"column":13}},"52":{"start":{"line":108,"column":16},"end":{"line":110,"column":23}},"53":{"start":{"line":112,"column":21},"end":{"line":112,"column":51}},"54":{"start":{"line":114,"column":4},"end":{"line":122,"column":7}},"55":{"start":{"line":124,"column":4},"end":{"line":124,"column":23}},"56":{"start":{"line":94,"column":13},"end":{"line":94,"column":22}},"57":{"start":{"line":128,"column":24},"end":{"line":140,"column":1}},"58":{"start":{"line":129,"column":17},"end":{"line":129,"column":27}},"59":{"start":{"line":131,"column":13},"end":{"line":133,"column":4}},"60":{"start":{"line":135,"column":2},"end":{"line":137,"column":3}},"61":{"start":{"line":136,"column":4},"end":{"line":136,"column":45}},"62":{"start":{"line":139,"column":2},"end":{"line":139,"column":15}},"63":{"start":{"line":128,"column":13},"end":{"line":128,"column":24}},"64":{"start":{"line":141,"column":28},"end":{"line":159,"column":1}},"65":{"start":{"line":145,"column":2},"end":{"line":158,"column":3}},"66":{"start":{"line":146,"column":23},"end":{"line":146,"column":32}},"67":{"start":{"line":147,"column":4},"end":{"line":147,"column":38}},"68":{"start":{"line":149,"column":4},"end":{"line":151,"column":5}},"69":{"start":{"line":150,"column":6},"end":{"line":150,"column":49}},"70":{"start":{"line":153,"column":16},"end":{"line":153,"column":66}},"71":{"start":{"line":155,"column":4},"end":{"line":155,"column":18}},"72":{"start":{"line":157,"column":4},"end":{"line":157,"column":30}},"73":{"start":{"line":141,"column":13},"end":{"line":141,"column":28}},"74":{"start":{"line":160,"column":26},"end":{"line":179,"column":1}},"75":{"start":{"line":164,"column":2},"end":{"line":178,"column":3}},"76":{"start":{"line":165,"column":29},"end":{"line":165,"column":39}},"77":{"start":{"line":166,"column":21},"end":{"line":166,"column":62}},"78":{"start":{"line":167,"column":4},"end":{"line":169,"column":5}},"79":{"start":{"line":168,"column":6},"end":{"line":168,"column":49}},"80":{"start":{"line":170,"column":18},"end":{"line":170,"column":42}},"81":{"start":{"line":171,"column":4},"end":{"line":173,"column":5}},"82":{"start":{"line":172,"column":6},"end":{"line":172,"column":49}},"83":{"start":{"line":174,"column":22},"end":{"line":174,"column":51}},"84":{"start":{"line":175,"column":4},"end":{"line":175,"column":28}},"85":{"start":{"line":177,"column":4},"end":{"line":177,"column":30}},"86":{"start":{"line":160,"column":13},"end":{"line":160,"column":26}},"87":{"start":{"line":180,"column":21},"end":{"line":186,"column":1}},"88":{"start":{"line":181,"column":17},"end":{"line":181,"column":27}},"89":{"start":{"line":183,"column":17},"end":{"line":183,"column":63}},"90":{"start":{"line":185,"column":2},"end":{"line":185,"column":19}},"91":{"start":{"line":180,"column":13},"end":{"line":180,"column":21}},"92":{"start":{"line":187,"column":34},"end":{"line":203,"column":1}},"93":{"start":{"line":191,"column":2},"end":{"line":202,"column":3}},"94":{"start":{"line":192,"column":25},"end":{"line":192,"column":35}},"95":{"start":{"line":193,"column":26},"end":{"line":193,"column":73}},"96":{"start":{"line":195,"column":4},"end":{"line":197,"column":5}},"97":{"start":{"line":196,"column":6},"end":{"line":196,"column":49}},"98":{"start":{"line":199,"column":4},"end":{"line":199,"column":32}},"99":{"start":{"line":201,"column":4},"end":{"line":201,"column":30}},"100":{"start":{"line":187,"column":13},"end":{"line":187,"column":34}},"101":{"start":{"line":204,"column":24},"end":{"line":219,"column":1}},"102":{"start":{"line":205,"column":2},"end":{"line":218,"column":3}},"103":{"start":{"line":206,"column":33},"end":{"line":206,"column":43}},"104":{"start":{"line":207,"column":22},"end":{"line":207,"column":77}},"105":{"start":{"line":209,"column":4},"end":{"line":212,"column":5}},"106":{"start":{"line":210,"column":6},"end":{"line":210,"column":57}},"107":{"start":{"line":211,"column":6},"end":{"line":211,"column":13}},"108":{"start":{"line":214,"column":4},"end":{"line":214,"column":28}},"109":{"start":{"line":216,"column":4},"end":{"line":216,"column":50}},"110":{"start":{"line":217,"column":4},"end":{"line":217,"column":61}},"111":{"start":{"line":204,"column":13},"end":{"line":204,"column":24}}},"fnMap":{"0":{"name":"(anonymous_1)","decl":{"start":{"line":34,"column":24},"end":{"line":34,"column":29}},"loc":{"start":{"line":34,"column":77},"end":{"line":40,"column":1}}},"1":{"name":"(anonymous_2)","decl":{"start":{"line":42,"column":24},"end":{"line":42,"column":29}},"loc":{"start":{"line":42,"column":77},"end":{"line":93,"column":1}}},"2":{"name":"(anonymous_3)","decl":{"start":{"line":60,"column":37},"end":{"line":60,"column":38}},"loc":{"start":{"line":60,"column":46},"end":{"line":64,"column":5}}},"3":{"name":"(anonymous_4)","decl":{"start":{"line":79,"column":8},"end":{"line":79,"column":9}},"loc":{"start":{"line":79,"column":24},"end":{"line":79,"column":55}}},"4":{"name":"(anonymous_5)","decl":{"start":{"line":94,"column":22},"end":{"line":94,"column":27}},"loc":{"start":{"line":94,"column":76},"end":{"line":126,"column":1}}},"5":{"name":"(anonymous_6)","decl":{"start":{"line":128,"column":24},"end":{"line":128,"column":29}},"loc":{"start":{"line":128,"column":62},"end":{"line":140,"column":1}}},"6":{"name":"(anonymous_7)","decl":{"start":{"line":141,"column":28},"end":{"line":141,"column":33}},"loc":{"start":{"line":144,"column":19},"end":{"line":159,"column":1}}},"7":{"name":"(anonymous_8)","decl":{"start":{"line":160,"column":26},"end":{"line":160,"column":31}},"loc":{"start":{"line":163,"column":19},"end":{"line":179,"column":1}}},"8":{"name":"(anonymous_9)","decl":{"start":{"line":180,"column":21},"end":{"line":180,"column":26}},"loc":{"start":{"line":180,"column":59},"end":{"line":186,"column":1}}},"9":{"name":"(anonymous_10)","decl":{"start":{"line":187,"column":34},"end":{"line":187,"column":39}},"loc":{"start":{"line":190,"column":19},"end":{"line":203,"column":1}}},"10":{"name":"(anonymous_11)","decl":{"start":{"line":204,"column":24},"end":{"line":204,"column":25}},"loc":{"start":{"line":204,"column":62},"end":{"line":219,"column":1}}}},"branchMap":{"0":{"loc":{"start":{"line":47,"column":4},"end":{"line":49,"column":5}},"type":"if","locations":[{"start":{"line":47,"column":4},"end":{"line":49,"column":5}}]},"1":{"loc":{"start":{"line":52,"column":4},"end":{"line":54,"column":5}},"type":"if","locations":[{"start":{"line":52,"column":4},"end":{"line":54,"column":5}}]},"2":{"loc":{"start":{"line":57,"column":7},"end":{"line":57,"column":73}},"type":"binary-expr","locations":[{"start":{"line":57,"column":7},"end":{"line":57,"column":67}},{"start":{"line":57,"column":71},"end":{"line":57,"column":73}}]},"3":{"loc":{"start":{"line":59,"column":23},"end":{"line":59,"column":44}},"type":"binary-expr","locations":[{"start":{"line":59,"column":23},"end":{"line":59,"column":38}},{"start":{"line":59,"column":42},"end":{"line":59,"column":44}}]},"4":{"loc":{"start":{"line":68,"column":4},"end":{"line":72,"column":5}},"type":"if","locations":[{"start":{"line":68,"column":4},"end":{"line":72,"column":5}}]},"5":{"loc":{"start":{"line":74,"column":4},"end":{"line":81,"column":5}},"type":"if","locations":[{"start":{"line":74,"column":4},"end":{"line":81,"column":5}}]},"6":{"loc":{"start":{"line":75,"column":25},"end":{"line":77,"column":38}},"type":"cond-expr","locations":[{"start":{"line":76,"column":10},"end":{"line":76,"column":26}},{"start":{"line":77,"column":10},"end":{"line":77,"column":38}}]},"7":{"loc":{"start":{"line":83,"column":23},"end":{"line":83,"column":40}},"type":"binary-expr","locations":[{"start":{"line":83,"column":23},"end":{"line":83,"column":34}},{"start":{"line":83,"column":38},"end":{"line":83,"column":40}}]},"8":{"loc":{"start":{"line":95,"column":10},"end":{"line":95,"column":18}},"type":"default-arg","locations":[{"start":{"line":95,"column":17},"end":{"line":95,"column":18}}]},"9":{"loc":{"start":{"line":95,"column":20},"end":{"line":95,"column":30}},"type":"default-arg","locations":[{"start":{"line":95,"column":28},"end":{"line":95,"column":30}}]},"10":{"loc":{"start":{"line":101,"column":4},"end":{"line":106,"column":5}},"type":"if","locations":[{"start":{"line":101,"column":4},"end":{"line":106,"column":5}}]},"11":{"loc":{"start":{"line":101,"column":8},"end":{"line":101,"column":39}},"type":"binary-expr","locations":[{"start":{"line":101,"column":8},"end":{"line":101,"column":22}},{"start":{"line":101,"column":26},"end":{"line":101,"column":39}}]},"12":{"loc":{"start":{"line":135,"column":2},"end":{"line":137,"column":3}},"type":"if","locations":[{"start":{"line":135,"column":2},"end":{"line":137,"column":3}}]},"13":{"loc":{"start":{"line":149,"column":4},"end":{"line":151,"column":5}},"type":"if","locations":[{"start":{"line":149,"column":4},"end":{"line":151,"column":5}}]},"14":{"loc":{"start":{"line":167,"column":4},"end":{"line":169,"column":5}},"type":"if","locations":[{"start":{"line":167,"column":4},"end":{"line":169,"column":5}}]},"15":{"loc":{"start":{"line":171,"column":4},"end":{"line":173,"column":5}},"type":"if","locations":[{"start":{"line":171,"column":4},"end":{"line":173,"column":5}}]},"16":{"loc":{"start":{"line":195,"column":4},"end":{"line":197,"column":5}},"type":"if","locations":[{"start":{"line":195,"column":4},"end":{"line":197,"column":5}}]},"17":{"loc":{"start":{"line":209,"column":4},"end":{"line":212,"column":5}},"type":"if","locations":[{"start":{"line":209,"column":4},"end":{"line":212,"column":5}}]}},"s":{"0":1,"1":1,"2":1,"3":1,"4":1,"5":1,"6":1,"7":0,"8":0,"9":1,"10":1,"11":0,"12":0,"13":0,"14":0,"15":0,"16":0,"17":0,"18":0,"19":0,"20":0,"21":0,"22":0,"23":0,"24":0,"25":0,"26":0,"27":0,"28":0,"29":0,"30":0,"31":0,"32":0,"33":0,"34":0,"35":0,"36":0,"37":0,"38":0,"39":0,"40":0,"41":0,"42":0,"43":1,"44":1,"45":0,"46":0,"47":0,"48":0,"49":0,"50":0,"51":0,"52":0,"53":0,"54":0,"55":0,"56":1,"57":1,"58":0,"59":0,"60":0,"61":0,"62":0,"63":1,"64":1,"65":0,"66":0,"67":0,"68":0,"69":0,"70":0,"71":0,"72":0,"73":1,"74":1,"75":0,"76":0,"77":0,"78":0,"79":0,"80":0,"81":0,"82":0,"83":0,"84":0,"85":0,"86":1,"87":1,"88":0,"89":0,"90":0,"91":1,"92":1,"93":0,"94":0,"95":0,"96":0,"97":0,"98":0,"99":0,"100":1,"101":1,"102":0,"103":0,"104":0,"105":0,"106":0,"107":0,"108":0,"109":0,"110":0,"111":1},"f":{"0":0,"1":0,"2":0,"3":0,"4":0,"5":0,"6":0,"7":0,"8":0,"9":0,"10":0},"b":{"0":[0],"1":[0],"2":[0,0],"3":[0,0],"4":[0],"5":[0],"6":[0,0],"7":[0,0],"8":[0],"9":[0],"10":[0],"11":[0,0],"12":[0],"13":[0],"14":[0],"15":[0],"16":[0],"17":[0]}}
,"C:\\Users\\madhioub\\Desktop\\oms-express-server\\src\\handlers\\category.handlers.ts": {"path":"C:\\Users\\madhioub\\Desktop\\oms-express-server\\src\\handlers\\category.handlers.ts","statementMap":{"0":{"start":{"line":2,"column":0},"end":{"line":2,"column":47}},"1":{"start":{"line":3,"column":0},"end":{"line":3,"column":63}},"2":{"start":{"line":5,"column":32},"end":{"line":19,"column":1}},"3":{"start":{"line":6,"column":2},"end":{"line":18,"column":3}},"4":{"start":{"line":7,"column":18},"end":{"line":7,"column":49}},"5":{"start":{"line":9,"column":4},"end":{"line":12,"column":5}},"6":{"start":{"line":10,"column":6},"end":{"line":10,"column":66}},"7":{"start":{"line":11,"column":6},"end":{"line":11,"column":38}},"8":{"start":{"line":14,"column":23},"end":{"line":14,"column":46}},"9":{"start":{"line":15,"column":4},"end":{"line":15,"column":25}},"10":{"start":{"line":17,"column":4},"end":{"line":17,"column":81}},"11":{"start":{"line":5,"column":13},"end":{"line":5,"column":32}},"12":{"start":{"line":21,"column":27},"end":{"line":41,"column":1}},"13":{"start":{"line":22,"column":2},"end":{"line":40,"column":3}},"14":{"start":{"line":23,"column":19},"end":{"line":23,"column":29}},"15":{"start":{"line":24,"column":19},"end":{"line":24,"column":69}},"16":{"start":{"line":26,"column":4},"end":{"line":35,"column":5}},"17":{"start":{"line":27,"column":6},"end":{"line":27,"column":79}},"18":{"start":{"line":28,"column":6},"end":{"line":28,"column":38}},"19":{"start":{"line":29,"column":6},"end":{"line":29,"column":68}},"20":{"start":{"line":31,"column":6},"end":{"line":34,"column":7}},"21":{"start":{"line":32,"column":8},"end":{"line":32,"column":62}},"22":{"start":{"line":33,"column":8},"end":{"line":33,"column":15}},"23":{"start":{"line":37,"column":4},"end":{"line":37,"column":23}},"24":{"start":{"line":39,"column":4},"end":{"line":39,"column":79}},"25":{"start":{"line":21,"column":13},"end":{"line":21,"column":27}}},"fnMap":{"0":{"name":"(anonymous_1)","decl":{"start":{"line":5,"column":32},"end":{"line":5,"column":37}},"loc":{"start":{"line":5,"column":85},"end":{"line":19,"column":1}}},"1":{"name":"(anonymous_2)","decl":{"start":{"line":21,"column":27},"end":{"line":21,"column":32}},"loc":{"start":{"line":21,"column":80},"end":{"line":41,"column":1}}}},"branchMap":{"0":{"loc":{"start":{"line":9,"column":4},"end":{"line":12,"column":5}},"type":"if","locations":[{"start":{"line":9,"column":4},"end":{"line":12,"column":5}}]},"1":{"loc":{"start":{"line":26,"column":4},"end":{"line":35,"column":5}},"type":"if","locations":[{"start":{"line":26,"column":4},"end":{"line":35,"column":5}}]},"2":{"loc":{"start":{"line":31,"column":6},"end":{"line":34,"column":7}},"type":"if","locations":[{"start":{"line":31,"column":6},"end":{"line":34,"column":7}}]}},"s":{"0":1,"1":1,"2":1,"3":0,"4":0,"5":0,"6":0,"7":0,"8":0,"9":0,"10":0,"11":1,"12":1,"13":0,"14":0,"15":0,"16":0,"17":0,"18":0,"19":0,"20":0,"21":0,"22":0,"23":0,"24":0,"25":1},"f":{"0":0,"1":0},"b":{"0":[0],"1":[0],"2":[0]}}
,"C:\\Users\\madhioub\\Desktop\\oms-express-server\\src\\handlers\\customer.handlers.ts": {"path":"C:\\Users\\madhioub\\Desktop\\oms-express-server\\src\\handlers\\customer.handlers.ts","statementMap":{"0":{"start":{"line":2,"column":0},"end":{"line":2,"column":52}},"1":{"start":{"line":3,"column":0},"end":{"line":3,"column":58}},"2":{"start":{"line":4,"column":0},"end":{"line":4,"column":61}},"3":{"start":{"line":6,"column":31},"end":{"line":13,"column":1}},"4":{"start":{"line":7,"column":16},"end":{"line":7,"column":52}},"5":{"start":{"line":8,"column":2},"end":{"line":10,"column":3}},"6":{"start":{"line":9,"column":4},"end":{"line":9,"column":35}},"7":{"start":{"line":11,"column":20},"end":{"line":11,"column":48}},"8":{"start":{"line":12,"column":2},"end":{"line":12,"column":22}},"9":{"start":{"line":6,"column":13},"end":{"line":6,"column":31}},"10":{"start":{"line":15,"column":27},"end":{"line":28,"column":1}},"11":{"start":{"line":16,"column":17},"end":{"line":16,"column":27}},"12":{"start":{"line":17,"column":17},"end":{"line":17,"column":49}},"13":{"start":{"line":19,"column":2},"end":{"line":25,"column":3}},"14":{"start":{"line":20,"column":4},"end":{"line":20,"column":35}},"15":{"start":{"line":21,"column":4},"end":{"line":21,"column":48}},"16":{"start":{"line":22,"column":4},"end":{"line":24,"column":5}},"17":{"start":{"line":23,"column":6},"end":{"line":23,"column":52}},"18":{"start":{"line":27,"column":2},"end":{"line":27,"column":21}},"19":{"start":{"line":15,"column":13},"end":{"line":15,"column":27}}},"fnMap":{"0":{"name":"(anonymous_1)","decl":{"start":{"line":6,"column":31},"end":{"line":6,"column":36}},"loc":{"start":{"line":6,"column":84},"end":{"line":13,"column":1}}},"1":{"name":"(anonymous_2)","decl":{"start":{"line":15,"column":27},"end":{"line":15,"column":32}},"loc":{"start":{"line":15,"column":80},"end":{"line":28,"column":1}}}},"branchMap":{"0":{"loc":{"start":{"line":8,"column":2},"end":{"line":10,"column":3}},"type":"if","locations":[{"start":{"line":8,"column":2},"end":{"line":10,"column":3}}]},"1":{"loc":{"start":{"line":19,"column":2},"end":{"line":25,"column":3}},"type":"if","locations":[{"start":{"line":19,"column":2},"end":{"line":25,"column":3}}]},"2":{"loc":{"start":{"line":22,"column":4},"end":{"line":24,"column":5}},"type":"if","locations":[{"start":{"line":22,"column":4},"end":{"line":24,"column":5}}]}},"s":{"0":1,"1":1,"2":1,"3":1,"4":0,"5":0,"6":0,"7":0,"8":0,"9":1,"10":1,"11":0,"12":0,"13":0,"14":0,"15":0,"16":0,"17":0,"18":0,"19":1},"f":{"0":0,"1":0},"b":{"0":[0],"1":[0],"2":[0]}}
,"C:\\Users\\madhioub\\Desktop\\oms-express-server\\src\\handlers\\order.handlers.ts": {"path":"C:\\Users\\madhioub\\Desktop\\oms-express-server\\src\\handlers\\order.handlers.ts","statementMap":{"0":{"start":{"line":2,"column":0},"end":{"line":2,"column":46}},"1":{"start":{"line":3,"column":0},"end":{"line":3,"column":58}},"2":{"start":{"line":4,"column":0},"end":{"line":4,"column":55}},"3":{"start":{"line":6,"column":28},"end":{"line":13,"column":1}},"4":{"start":{"line":7,"column":16},"end":{"line":7,"column":49}},"5":{"start":{"line":8,"column":2},"end":{"line":10,"column":3}},"6":{"start":{"line":9,"column":4},"end":{"line":9,"column":32}},"7":{"start":{"line":11,"column":17},"end":{"line":11,"column":42}},"8":{"start":{"line":12,"column":2},"end":{"line":12,"column":19}},"9":{"start":{"line":6,"column":13},"end":{"line":6,"column":28}},"10":{"start":{"line":15,"column":24},"end":{"line":28,"column":1}},"11":{"start":{"line":16,"column":17},"end":{"line":16,"column":27}},"12":{"start":{"line":17,"column":14},"end":{"line":17,"column":43}},"13":{"start":{"line":19,"column":2},"end":{"line":25,"column":3}},"14":{"start":{"line":20,"column":4},"end":{"line":20,"column":32}},"15":{"start":{"line":21,"column":4},"end":{"line":21,"column":42}},"16":{"start":{"line":22,"column":4},"end":{"line":24,"column":5}},"17":{"start":{"line":23,"column":6},"end":{"line":23,"column":49}},"18":{"start":{"line":27,"column":2},"end":{"line":27,"column":18}},"19":{"start":{"line":15,"column":13},"end":{"line":15,"column":24}}},"fnMap":{"0":{"name":"(anonymous_1)","decl":{"start":{"line":6,"column":28},"end":{"line":6,"column":33}},"loc":{"start":{"line":6,"column":81},"end":{"line":13,"column":1}}},"1":{"name":"(anonymous_2)","decl":{"start":{"line":15,"column":24},"end":{"line":15,"column":29}},"loc":{"start":{"line":15,"column":77},"end":{"line":28,"column":1}}}},"branchMap":{"0":{"loc":{"start":{"line":8,"column":2},"end":{"line":10,"column":3}},"type":"if","locations":[{"start":{"line":8,"column":2},"end":{"line":10,"column":3}}]},"1":{"loc":{"start":{"line":19,"column":2},"end":{"line":25,"column":3}},"type":"if","locations":[{"start":{"line":19,"column":2},"end":{"line":25,"column":3}}]},"2":{"loc":{"start":{"line":22,"column":4},"end":{"line":24,"column":5}},"type":"if","locations":[{"start":{"line":22,"column":4},"end":{"line":24,"column":5}}]}},"s":{"0":1,"1":1,"2":1,"3":1,"4":0,"5":0,"6":0,"7":0,"8":0,"9":1,"10":1,"11":0,"12":0,"13":0,"14":0,"15":0,"16":0,"17":0,"18":0,"19":1},"f":{"0":0,"1":0},"b":{"0":[0],"1":[0],"2":[0]}}
,"C:\\Users\\madhioub\\Desktop\\oms-express-server\\src\\handlers\\product.handlers.ts": {"path":"C:\\Users\\madhioub\\Desktop\\oms-express-server\\src\\handlers\\product.handlers.ts","statementMap":{"0":{"start":{"line":2,"column":0},"end":{"line":2,"column":59}},"1":{"start":{"line":3,"column":0},"end":{"line":3,"column":50}},"2":{"start":{"line":4,"column":26},"end":{"line":20,"column":1}},"3":{"start":{"line":5,"column":18},"end":{"line":5,"column":23}},"4":{"start":{"line":6,"column":2},"end":{"line":19,"column":3}},"5":{"start":{"line":7,"column":21},"end":{"line":7,"column":46}},"6":{"start":{"line":9,"column":4},"end":{"line":13,"column":5}},"7":{"start":{"line":10,"column":6},"end":{"line":10,"column":64}},"8":{"start":{"line":11,"column":6},"end":{"line":11,"column":36}},"9":{"start":{"line":12,"column":6},"end":{"line":12,"column":23}},"10":{"start":{"line":15,"column":27},"end":{"line":15,"column":52}},"11":{"start":{"line":16,"column":4},"end":{"line":16,"column":29}},"12":{"start":{"line":18,"column":4},"end":{"line":18,"column":72}},"13":{"start":{"line":4,"column":13},"end":{"line":4,"column":26}},"14":{"start":{"line":23,"column":35},"end":{"line":37,"column":1}},"15":{"start":{"line":24,"column":2},"end":{"line":36,"column":3}},"16":{"start":{"line":25,"column":18},"end":{"line":25,"column":53}},"17":{"start":{"line":27,"column":4},"end":{"line":30,"column":5}},"18":{"start":{"line":28,"column":6},"end":{"line":28,"column":64}},"19":{"start":{"line":29,"column":6},"end":{"line":29,"column":36}},"20":{"start":{"line":32,"column":27},"end":{"line":32,"column":52}},"21":{"start":{"line":33,"column":4},"end":{"line":33,"column":29}},"22":{"start":{"line":35,"column":4},"end":{"line":35,"column":72}},"23":{"start":{"line":23,"column":13},"end":{"line":23,"column":35}},"24":{"start":{"line":40,"column":30},"end":{"line":53,"column":1}},"25":{"start":{"line":41,"column":20},"end":{"line":41,"column":29}},"26":{"start":{"line":43,"column":2},"end":{"line":52,"column":3}},"27":{"start":{"line":44,"column":21},"end":{"line":46,"column":16}},"28":{"start":{"line":48,"column":4},"end":{"line":48,"column":23}},"29":{"start":{"line":50,"column":4},"end":{"line":50,"column":54}},"30":{"start":{"line":51,"column":4},"end":{"line":51,"column":64}},"31":{"start":{"line":40,"column":13},"end":{"line":40,"column":30}}},"fnMap":{"0":{"name":"(anonymous_1)","decl":{"start":{"line":4,"column":26},"end":{"line":4,"column":31}},"loc":{"start":{"line":4,"column":64},"end":{"line":20,"column":1}}},"1":{"name":"(anonymous_2)","decl":{"start":{"line":23,"column":35},"end":{"line":23,"column":40}},"loc":{"start":{"line":23,"column":73},"end":{"line":37,"column":1}}},"2":{"name":"(anonymous_3)","decl":{"start":{"line":40,"column":30},"end":{"line":40,"column":35}},"loc":{"start":{"line":40,"column":68},"end":{"line":53,"column":1}}}},"branchMap":{"0":{"loc":{"start":{"line":9,"column":4},"end":{"line":13,"column":5}},"type":"if","locations":[{"start":{"line":9,"column":4},"end":{"line":13,"column":5}}]},"1":{"loc":{"start":{"line":9,"column":8},"end":{"line":9,"column":43}},"type":"binary-expr","locations":[{"start":{"line":9,"column":8},"end":{"line":9,"column":29}},{"start":{"line":9,"column":33},"end":{"line":9,"column":43}}]},"2":{"loc":{"start":{"line":27,"column":4},"end":{"line":30,"column":5}},"type":"if","locations":[{"start":{"line":27,"column":4},"end":{"line":30,"column":5}}]}},"s":{"0":1,"1":1,"2":1,"3":0,"4":0,"5":0,"6":0,"7":0,"8":0,"9":0,"10":0,"11":0,"12":0,"13":1,"14":1,"15":0,"16":0,"17":0,"18":0,"19":0,"20":0,"21":0,"22":0,"23":1,"24":1,"25":0,"26":0,"27":0,"28":0,"29":0,"30":0,"31":1},"f":{"0":0,"1":0,"2":0},"b":{"0":[0],"1":[0,0],"2":[0]}}
,"C:\\Users\\madhioub\\Desktop\\oms-express-server\\src\\handlers\\product_stock.handlers.ts": {"path":"C:\\Users\\madhioub\\Desktop\\oms-express-server\\src\\handlers\\product_stock.handlers.ts","statementMap":{"0":{"start":{"line":2,"column":0},"end":{"line":2,"column":61}},"1":{"start":{"line":3,"column":0},"end":{"line":3,"column":58}},"2":{"start":{"line":4,"column":0},"end":{"line":4,"column":59}},"3":{"start":{"line":6,"column":35},"end":{"line":13,"column":1}},"4":{"start":{"line":7,"column":16},"end":{"line":7,"column":56}},"5":{"start":{"line":8,"column":2},"end":{"line":10,"column":3}},"6":{"start":{"line":9,"column":4},"end":{"line":9,"column":30}},"7":{"start":{"line":11,"column":24},"end":{"line":11,"column":56}},"8":{"start":{"line":12,"column":2},"end":{"line":12,"column":26}},"9":{"start":{"line":6,"column":13},"end":{"line":6,"column":35}},"10":{"start":{"line":15,"column":31},"end":{"line":28,"column":1}},"11":{"start":{"line":16,"column":17},"end":{"line":16,"column":27}},"12":{"start":{"line":17,"column":21},"end":{"line":17,"column":57}},"13":{"start":{"line":19,"column":2},"end":{"line":25,"column":3}},"14":{"start":{"line":20,"column":4},"end":{"line":20,"column":30}},"15":{"start":{"line":21,"column":4},"end":{"line":21,"column":56}},"16":{"start":{"line":22,"column":4},"end":{"line":24,"column":5}},"17":{"start":{"line":23,"column":6},"end":{"line":23,"column":57}},"18":{"start":{"line":27,"column":2},"end":{"line":27,"column":25}},"19":{"start":{"line":15,"column":13},"end":{"line":15,"column":31}}},"fnMap":{"0":{"name":"(anonymous_1)","decl":{"start":{"line":6,"column":35},"end":{"line":6,"column":40}},"loc":{"start":{"line":6,"column":88},"end":{"line":13,"column":1}}},"1":{"name":"(anonymous_2)","decl":{"start":{"line":15,"column":31},"end":{"line":15,"column":36}},"loc":{"start":{"line":15,"column":84},"end":{"line":28,"column":1}}}},"branchMap":{"0":{"loc":{"start":{"line":8,"column":2},"end":{"line":10,"column":3}},"type":"if","locations":[{"start":{"line":8,"column":2},"end":{"line":10,"column":3}}]},"1":{"loc":{"start":{"line":19,"column":2},"end":{"line":25,"column":3}},"type":"if","locations":[{"start":{"line":19,"column":2},"end":{"line":25,"column":3}}]},"2":{"loc":{"start":{"line":22,"column":4},"end":{"line":24,"column":5}},"type":"if","locations":[{"start":{"line":22,"column":4},"end":{"line":24,"column":5}}]}},"s":{"0":1,"1":1,"2":1,"3":1,"4":0,"5":0,"6":0,"7":0,"8":0,"9":1,"10":1,"11":0,"12":0,"13":0,"14":0,"15":0,"16":0,"17":0,"18":0,"19":1},"f":{"0":0,"1":0},"b":{"0":[0],"1":[0],"2":[0]}}
,"C:\\Users\\madhioub\\Desktop\\oms-express-server\\src\\handlers\\supplier.handlers.ts": {"path":"C:\\Users\\madhioub\\Desktop\\oms-express-server\\src\\handlers\\supplier.handlers.ts","statementMap":{"0":{"start":{"line":2,"column":0},"end":{"line":2,"column":52}},"1":{"start":{"line":3,"column":0},"end":{"line":3,"column":58}},"2":{"start":{"line":4,"column":0},"end":{"line":4,"column":61}},"3":{"start":{"line":6,"column":31},"end":{"line":13,"column":1}},"4":{"start":{"line":7,"column":16},"end":{"line":7,"column":52}},"5":{"start":{"line":8,"column":2},"end":{"line":10,"column":3}},"6":{"start":{"line":9,"column":4},"end":{"line":9,"column":35}},"7":{"start":{"line":11,"column":20},"end":{"line":11,"column":48}},"8":{"start":{"line":12,"column":2},"end":{"line":12,"column":22}},"9":{"start":{"line":6,"column":13},"end":{"line":6,"column":31}},"10":{"start":{"line":15,"column":27},"end":{"line":28,"column":1}},"11":{"start":{"line":16,"column":17},"end":{"line":16,"column":27}},"12":{"start":{"line":17,"column":17},"end":{"line":17,"column":68}},"13":{"start":{"line":19,"column":2},"end":{"line":25,"column":3}},"14":{"start":{"line":20,"column":4},"end":{"line":20,"column":35}},"15":{"start":{"line":21,"column":4},"end":{"line":21,"column":67}},"16":{"start":{"line":22,"column":4},"end":{"line":24,"column":5}},"17":{"start":{"line":23,"column":6},"end":{"line":23,"column":52}},"18":{"start":{"line":27,"column":2},"end":{"line":27,"column":21}},"19":{"start":{"line":15,"column":13},"end":{"line":15,"column":27}}},"fnMap":{"0":{"name":"(anonymous_1)","decl":{"start":{"line":6,"column":31},"end":{"line":6,"column":36}},"loc":{"start":{"line":6,"column":84},"end":{"line":13,"column":1}}},"1":{"name":"(anonymous_2)","decl":{"start":{"line":15,"column":27},"end":{"line":15,"column":32}},"loc":{"start":{"line":15,"column":80},"end":{"line":28,"column":1}}}},"branchMap":{"0":{"loc":{"start":{"line":8,"column":2},"end":{"line":10,"column":3}},"type":"if","locations":[{"start":{"line":8,"column":2},"end":{"line":10,"column":3}}]},"1":{"loc":{"start":{"line":19,"column":2},"end":{"line":25,"column":3}},"type":"if","locations":[{"start":{"line":19,"column":2},"end":{"line":25,"column":3}}]},"2":{"loc":{"start":{"line":22,"column":4},"end":{"line":24,"column":5}},"type":"if","locations":[{"start":{"line":22,"column":4},"end":{"line":24,"column":5}}]}},"s":{"0":1,"1":1,"2":1,"3":1,"4":0,"5":0,"6":0,"7":0,"8":0,"9":1,"10":1,"11":0,"12":0,"13":0,"14":0,"15":0,"16":0,"17":0,"18":0,"19":1},"f":{"0":0,"1":0},"b":{"0":[0],"1":[0],"2":[0]}}
,"C:\\Users\\madhioub\\Desktop\\oms-express-server\\src\\handlers\\warehouse.handlers.ts": {"path":"C:\\Users\\madhioub\\Desktop\\oms-express-server\\src\\handlers\\warehouse.handlers.ts","statementMap":{"0":{"start":{"line":2,"column":0},"end":{"line":2,"column":54}},"1":{"start":{"line":3,"column":0},"end":{"line":3,"column":58}},"2":{"start":{"line":4,"column":0},"end":{"line":4,"column":63}},"3":{"start":{"line":6,"column":32},"end":{"line":13,"column":1}},"4":{"start":{"line":7,"column":16},"end":{"line":7,"column":53}},"5":{"start":{"line":8,"column":2},"end":{"line":10,"column":3}},"6":{"start":{"line":9,"column":4},"end":{"line":9,"column":36}},"7":{"start":{"line":11,"column":21},"end":{"line":11,"column":50}},"8":{"start":{"line":12,"column":2},"end":{"line":12,"column":23}},"9":{"start":{"line":6,"column":13},"end":{"line":6,"column":32}},"10":{"start":{"line":15,"column":28},"end":{"line":28,"column":1}},"11":{"start":{"line":16,"column":17},"end":{"line":16,"column":27}},"12":{"start":{"line":17,"column":18},"end":{"line":17,"column":51}},"13":{"start":{"line":19,"column":2},"end":{"line":25,"column":3}},"14":{"start":{"line":20,"column":4},"end":{"line":20,"column":36}},"15":{"start":{"line":21,"column":4},"end":{"line":21,"column":50}},"16":{"start":{"line":22,"column":4},"end":{"line":24,"column":5}},"17":{"start":{"line":23,"column":6},"end":{"line":23,"column":53}},"18":{"start":{"line":27,"column":2},"end":{"line":27,"column":22}},"19":{"start":{"line":15,"column":13},"end":{"line":15,"column":28}}},"fnMap":{"0":{"name":"(anonymous_1)","decl":{"start":{"line":6,"column":32},"end":{"line":6,"column":37}},"loc":{"start":{"line":6,"column":85},"end":{"line":13,"column":1}}},"1":{"name":"(anonymous_2)","decl":{"start":{"line":15,"column":28},"end":{"line":15,"column":33}},"loc":{"start":{"line":15,"column":81},"end":{"line":28,"column":1}}}},"branchMap":{"0":{"loc":{"start":{"line":8,"column":2},"end":{"line":10,"column":3}},"type":"if","locations":[{"start":{"line":8,"column":2},"end":{"line":10,"column":3}}]},"1":{"loc":{"start":{"line":19,"column":2},"end":{"line":25,"column":3}},"type":"if","locations":[{"start":{"line":19,"column":2},"end":{"line":25,"column":3}}]},"2":{"loc":{"start":{"line":22,"column":4},"end":{"line":24,"column":5}},"type":"if","locations":[{"start":{"line":22,"column":4},"end":{"line":24,"column":5}}]}},"s":{"0":1,"1":1,"2":1,"3":1,"4":1,"5":0,"6":0,"7":0,"8":0,"9":1,"10":1,"11":0,"12":0,"13":0,"14":0,"15":0,"16":0,"17":0,"18":0,"19":1},"f":{"0":1,"1":0},"b":{"0":[0],"1":[0],"2":[0]}}
,"C:\\Users\\madhioub\\Desktop\\oms-express-server\\src\\middlewares\\apiKeyMiddleware.ts": {"path":"C:\\Users\\madhioub\\Desktop\\oms-express-server\\src\\middlewares\\apiKeyMiddleware.ts","statementMap":{"0":{"start":{"line":2,"column":0},"end":{"line":2,"column":51}},"1":{"start":{"line":8,"column":34},"end":{"line":25,"column":1}},"2":{"start":{"line":13,"column":17},"end":{"line":13,"column":40}},"3":{"start":{"line":14,"column":39},"end":{"line":15,"column":null}},"4":{"start":{"line":15,"column":24},"end":{"line":15,"column":45}},"5":{"start":{"line":18,"column":2},"end":{"line":21,"column":3}},"6":{"start":{"line":19,"column":4},"end":{"line":19,"column":55}},"7":{"start":{"line":20,"column":4},"end":{"line":20,"column":11}},"8":{"start":{"line":23,"column":2},"end":{"line":23,"column":31}},"9":{"start":{"line":24,"column":2},"end":{"line":24,"column":9}},"10":{"start":{"line":8,"column":13},"end":{"line":8,"column":34}}},"fnMap":{"0":{"name":"(anonymous_1)","decl":{"start":{"line":8,"column":34},"end":{"line":8,"column":null}},"loc":{"start":{"line":12,"column":10},"end":{"line":25,"column":1}}},"1":{"name":"(anonymous_2)","decl":{"start":{"line":15,"column":4},"end":{"line":15,"column":5}},"loc":{"start":{"line":15,"column":24},"end":{"line":15,"column":45}}}},"branchMap":{"0":{"loc":{"start":{"line":18,"column":2},"end":{"line":21,"column":3}},"type":"if","locations":[{"start":{"line":18,"column":2},"end":{"line":21,"column":3}}]}},"s":{"0":1,"1":1,"2":0,"3":0,"4":0,"5":0,"6":0,"7":0,"8":0,"9":0,"10":1},"f":{"0":0,"1":0},"b":{"0":[0]}}
,"C:\\Users\\madhioub\\Desktop\\oms-express-server\\src\\middlewares\\auth.middlewares.ts": {"path":"C:\\Users\\madhioub\\Desktop\\oms-express-server\\src\\middlewares\\auth.middlewares.ts","statementMap":{"0":{"start":{"line":2,"column":0},"end":{"line":2,"column":31}},"1":{"start":{"line":3,"column":0},"end":{"line":3,"column":28}},"2":{"start":{"line":5,"column":0},"end":{"line":5,"column":16}},"3":{"start":{"line":18,"column":30},"end":{"line":38,"column":1}},"4":{"start":{"line":19,"column":21},"end":{"line":19,"column":46}},"5":{"start":{"line":21,"column":2},"end":{"line":23,"column":3}},"6":{"start":{"line":22,"column":4},"end":{"line":22,"column":71}},"7":{"start":{"line":25,"column":16},"end":{"line":25,"column":40}},"8":{"start":{"line":27,"column":2},"end":{"line":37,"column":3}},"9":{"start":{"line":28,"column":20},"end":{"line":28,"column":null}},"10":{"start":{"line":33,"column":4},"end":{"line":33,"column":23}},"11":{"start":{"line":34,"column":4},"end":{"line":34,"column":11}},"12":{"start":{"line":36,"column":4},"end":{"line":36,"column":71}},"13":{"start":{"line":18,"column":13},"end":{"line":18,"column":30}}},"fnMap":{"0":{"name":"(anonymous_1)","decl":{"start":{"line":18,"column":30},"end":{"line":18,"column":31}},"loc":{"start":{"line":18,"column":82},"end":{"line":38,"column":1}}}},"branchMap":{"0":{"loc":{"start":{"line":21,"column":2},"end":{"line":23,"column":3}},"type":"if","locations":[{"start":{"line":21,"column":2},"end":{"line":23,"column":3}}]}},"s":{"0":1,"1":1,"2":1,"3":1,"4":3,"5":3,"6":1,"7":2,"8":2,"9":2,"10":2,"11":2,"12":0,"13":1},"f":{"0":3},"b":{"0":[1]}}
,"C:\\Users\\madhioub\\Desktop\\oms-express-server\\src\\model\\ad.model.ts": {"path":"C:\\Users\\madhioub\\Desktop\\oms-express-server\\src\\model\\ad.model.ts","statementMap":{"0":{"start":{"line":1,"column":0},"end":{"line":1,"column":54}},"1":{"start":{"line":2,"column":0},"end":{"line":2,"column":57}},"2":{"start":{"line":5,"column":25},"end":{"line":20,"column":null}},"3":{"start":{"line":23,"column":0},"end":{"line":23,"column":52}}},"fnMap":{},"branchMap":{},"s":{"0":1,"1":1,"2":1,"3":1},"f":{},"b":{}}
,"C:\\Users\\madhioub\\Desktop\\oms-express-server\\src\\model\\category.model.ts": {"path":"C:\\Users\\madhioub\\Desktop\\oms-express-server\\src\\model\\category.model.ts","statementMap":{"0":{"start":{"line":1,"column":0},"end":{"line":1,"column":54}},"1":{"start":{"line":8,"column":23},"end":{"line":13,"column":null}},"2":{"start":{"line":16,"column":0},"end":{"line":16,"column":80}}},"fnMap":{},"branchMap":{},"s":{"0":1,"1":1,"2":1},"f":{},"b":{}}
,"C:\\Users\\madhioub\\Desktop\\oms-express-server\\src\\model\\customer.model.ts": {"path":"C:\\Users\\madhioub\\Desktop\\oms-express-server\\src\\model\\customer.model.ts","statementMap":{"0":{"start":{"line":1,"column":0},"end":{"line":1,"column":54}},"1":{"start":{"line":18,"column":23},"end":{"line":29,"column":25}},"2":{"start":{"line":32,"column":0},"end":{"line":32,"column":82}}},"fnMap":{},"branchMap":{},"s":{"0":1,"1":1,"2":1},"f":{},"b":{}}
,"C:\\Users\\madhioub\\Desktop\\oms-express-server\\src\\model\\order.model.ts": {"path":"C:\\Users\\madhioub\\Desktop\\oms-express-server\\src\\model\\order.model.ts","statementMap":{"0":{"start":{"line":1,"column":0},"end":{"line":1,"column":54}},"1":{"start":{"line":27,"column":24},"end":{"line":36,"column":2}},"2":{"start":{"line":38,"column":20},"end":{"line":49,"column":25}},"3":{"start":{"line":51,"column":0},"end":{"line":51,"column":70}}},"fnMap":{},"branchMap":{},"s":{"0":1,"1":1,"2":1,"3":1},"f":{},"b":{}}
,"C:\\Users\\madhioub\\Desktop\\oms-express-server\\src\\model\\product.model.ts": {"path":"C:\\Users\\madhioub\\Desktop\\oms-express-server\\src\\model\\product.model.ts","statementMap":{"0":{"start":{"line":1,"column":0},"end":{"line":1,"column":54}},"1":{"start":{"line":4,"column":30},"end":{"line":32,"column":null}},"2":{"start":{"line":34,"column":0},"end":{"line":34,"column":66}}},"fnMap":{},"branchMap":{},"s":{"0":1,"1":1,"2":1},"f":{},"b":{}}
,"C:\\Users\\madhioub\\Desktop\\oms-express-server\\src\\model\\product_stock.model.ts": {"path":"C:\\Users\\madhioub\\Desktop\\oms-express-server\\src\\model\\product_stock.model.ts","statementMap":{"0":{"start":{"line":1,"column":0},"end":{"line":1,"column":54}},"1":{"start":{"line":13,"column":35},"end":{"line":42,"column":2}},"2":{"start":{"line":45,"column":0},"end":{"line":45,"column":44}},"3":{"start":{"line":46,"column":0},"end":{"line":49,"column":3}},"4":{"start":{"line":50,"column":0},"end":{"line":50,"column":69}},"5":{"start":{"line":52,"column":0},"end":{"line":56,"column":2}}},"fnMap":{},"branchMap":{},"s":{"0":1,"1":1,"2":1,"3":1,"4":1,"5":1},"f":{},"b":{}}
,"C:\\Users\\madhioub\\Desktop\\oms-express-server\\src\\model\\supplier.model.ts": {"path":"C:\\Users\\madhioub\\Desktop\\oms-express-server\\src\\model\\supplier.model.ts","statementMap":{"0":{"start":{"line":1,"column":0},"end":{"line":1,"column":54}},"1":{"start":{"line":20,"column":23},"end":{"line":33,"column":25}},"2":{"start":{"line":36,"column":0},"end":{"line":36,"column":86}}},"fnMap":{},"branchMap":{},"s":{"0":1,"1":1,"2":1},"f":{},"b":{}}
,"C:\\Users\\madhioub\\Desktop\\oms-express-server\\src\\model\\warehouse.model.ts": {"path":"C:\\Users\\madhioub\\Desktop\\oms-express-server\\src\\model\\warehouse.model.ts","statementMap":{"0":{"start":{"line":1,"column":0},"end":{"line":1,"column":54}},"1":{"start":{"line":6,"column":32},"end":{"line":15,"column":null}},"2":{"start":{"line":18,"column":0},"end":{"line":18,"column":84}}},"fnMap":{},"branchMap":{},"s":{"0":1,"1":1,"2":1},"f":{},"b":{}}
,"C:\\Users\\madhioub\\Desktop\\oms-express-server\\src\\routes\\ad.routes.ts": {"path":"C:\\Users\\madhioub\\Desktop\\oms-express-server\\src\\routes\\ad.routes.ts","statementMap":{"0":{"start":{"line":1,"column":0},"end":{"line":1,"column":33}},"1":{"start":{"line":2,"column":0},"end":{"line":2,"column":null}},"2":{"start":{"line":12,"column":0},"end":{"line":12,"column":47}},"3":{"start":{"line":13,"column":0},"end":{"line":13,"column":69}},"4":{"start":{"line":15,"column":15},"end":{"line":15,"column":23}},"5":{"start":{"line":17,"column":0},"end":{"line":17,"column":83}},"6":{"start":{"line":19,"column":0},"end":{"line":29,"column":2}},"7":{"start":{"line":31,"column":0},"end":{"line":31,"column":44}},"8":{"start":{"line":32,"column":0},"end":{"line":32,"column":56}},"9":{"start":{"line":33,"column":0},"end":{"line":33,"column":52}},"10":{"start":{"line":34,"column":0},"end":{"line":34,"column":68}},"11":{"start":{"line":35,"column":0},"end":{"line":35,"column":46}},"12":{"start":{"line":36,"column":0},"end":{"line":36,"column":51}},"13":{"start":{"line":38,"column":0},"end":{"line":38,"column":22}}},"fnMap":{},"branchMap":{},"s":{"0":1,"1":1,"2":1,"3":1,"4":1,"5":1,"6":1,"7":1,"8":1,"9":1,"10":1,"11":1,"12":1,"13":1},"f":{},"b":{}}
,"C:\\Users\\madhioub\\Desktop\\oms-express-server\\src\\routes\\auth.routes.ts": {"path":"C:\\Users\\madhioub\\Desktop\\oms-express-server\\src\\routes\\auth.routes.ts","statementMap":{"0":{"start":{"line":1,"column":0},"end":{"line":1,"column":67}},"1":{"start":{"line":2,"column":0},"end":{"line":2,"column":31}},"2":{"start":{"line":3,"column":0},"end":{"line":3,"column":28}},"3":{"start":{"line":4,"column":0},"end":{"line":4,"column":51}},"4":{"start":{"line":6,"column":0},"end":{"line":6,"column":16}},"5":{"start":{"line":7,"column":15},"end":{"line":7,"column":31}},"6":{"start":{"line":9,"column":20},"end":{"line":11,"column":1}},"7":{"start":{"line":10,"column":2},"end":{"line":10,"column":53}},"8":{"start":{"line":13,"column":0},"end":{"line":86,"column":3}},"9":{"start":{"line":14,"column":2},"end":{"line":85,"column":3}},"10":{"start":{"line":15,"column":35},"end":{"line":15,"column":43}},"11":{"start":{"line":17,"column":4},"end":{"line":22,"column":5}},"12":{"start":{"line":18,"column":6},"end":{"line":21,"column":9}},"13":{"start":{"line":25,"column":4},"end":{"line":40,"column":5}},"14":{"start":{"line":26,"column":20},"end":{"line":29,"column":null}},"15":{"start":{"line":32,"column":6},"end":{"line":39,"column":9}},"16":{"start":{"line":43,"column":21},"end":{"line":48,"column":6}},"17":{"start":{"line":50,"column":4},"end":{"line":76,"column":5}},"18":{"start":{"line":51,"column":20},"end":{"line":58,"column":null}},"19":{"start":{"line":61,"column":6},"end":{"line":75,"column":9}},"20":{"start":{"line":78,"column":4},"end":{"line":81,"column":7}},"21":{"start":{"line":84,"column":4},"end":{"line":84,"column":16}},"22":{"start":{"line":88,"column":0},"end":{"line":88,"column":22}}},"fnMap":{"0":{"name":"(anonymous_1)","decl":{"start":{"line":9,"column":20},"end":{"line":9,"column":21}},"loc":{"start":{"line":9,"column":37},"end":{"line":11,"column":1}}},"1":{"name":"(anonymous_2)","decl":{"start":{"line":13,"column":22},"end":{"line":13,"column":27}},"loc":{"start":{"line":13,"column":80},"end":{"line":86,"column":1}}}},"branchMap":{"0":{"loc":{"start":{"line":17,"column":4},"end":{"line":22,"column":5}},"type":"if","locations":[{"start":{"line":17,"column":4},"end":{"line":22,"column":5}}]},"1":{"loc":{"start":{"line":17,"column":8},"end":{"line":17,"column":30}},"type":"binary-expr","locations":[{"start":{"line":17,"column":8},"end":{"line":17,"column":17}},{"start":{"line":17,"column":21},"end":{"line":17,"column":30}}]},"2":{"loc":{"start":{"line":25,"column":4},"end":{"line":40,"column":5}},"type":"if","locations":[{"start":{"line":25,"column":4},"end":{"line":40,"column":5}}]},"3":{"loc":{"start":{"line":25,"column":8},"end":{"line":25,"column":52}},"type":"binary-expr","locations":[{"start":{"line":25,"column":8},"end":{"line":25,"column":28}},{"start":{"line":25,"column":32},"end":{"line":25,"column":52}}]},"4":{"loc":{"start":{"line":50,"column":4},"end":{"line":76,"column":5}},"type":"if","locations":[{"start":{"line":50,"column":4},"end":{"line":76,"column":5}}]}},"s":{"0":1,"1":1,"2":1,"3":1,"4":1,"5":1,"6":1,"7":0,"8":1,"9":0,"10":0,"11":0,"12":0,"13":0,"14":0,"15":0,"16":0,"17":0,"18":0,"19":0,"20":0,"21":0,"22":1},"f":{"0":0,"1":0},"b":{"0":[0],"1":[0,0],"2":[0],"3":[0,0],"4":[0]}}
,"C:\\Users\\madhioub\\Desktop\\oms-express-server\\src\\routes\\category.routes.ts": {"path":"C:\\Users\\madhioub\\Desktop\\oms-express-server\\src\\routes\\category.routes.ts","statementMap":{"0":{"start":{"line":1,"column":0},"end":{"line":1,"column":33}},"1":{"start":{"line":2,"column":0},"end":{"line":2,"column":65}},"2":{"start":{"line":3,"column":0},"end":{"line":3,"column":78}},"3":{"start":{"line":5,"column":15},"end":{"line":5,"column":23}},"4":{"start":{"line":7,"column":0},"end":{"line":7,"column":50}},"5":{"start":{"line":8,"column":0},"end":{"line":8,"column":48}},"6":{"start":{"line":10,"column":0},"end":{"line":10,"column":22}}},"fnMap":{},"branchMap":{},"s":{"0":1,"1":1,"2":1,"3":1,"4":1,"5":1,"6":1},"f":{},"b":{}}
,"C:\\Users\\madhioub\\Desktop\\oms-express-server\\src\\routes\\customer.routes.ts": {"path":"C:\\Users\\madhioub\\Desktop\\oms-express-server\\src\\routes\\customer.routes.ts","statementMap":{"0":{"start":{"line":1,"column":0},"end":{"line":1,"column":33}},"1":{"start":{"line":2,"column":0},"end":{"line":2,"column":65}},"2":{"start":{"line":3,"column":0},"end":{"line":3,"column":77}},"3":{"start":{"line":5,"column":15},"end":{"line":5,"column":23}},"4":{"start":{"line":7,"column":0},"end":{"line":7,"column":49}},"5":{"start":{"line":8,"column":0},"end":{"line":8,"column":48}},"6":{"start":{"line":10,"column":0},"end":{"line":10,"column":22}}},"fnMap":{},"branchMap":{},"s":{"0":1,"1":1,"2":1,"3":1,"4":1,"5":1,"6":1},"f":{},"b":{}}
,"C:\\Users\\madhioub\\Desktop\\oms-express-server\\src\\routes\\order.routes.ts": {"path":"C:\\Users\\madhioub\\Desktop\\oms-express-server\\src\\routes\\order.routes.ts","statementMap":{"0":{"start":{"line":1,"column":0},"end":{"line":1,"column":33}},"1":{"start":{"line":2,"column":0},"end":{"line":2,"column":65}},"2":{"start":{"line":3,"column":0},"end":{"line":3,"column":68}},"3":{"start":{"line":5,"column":15},"end":{"line":5,"column":23}},"4":{"start":{"line":7,"column":0},"end":{"line":7,"column":46}},"5":{"start":{"line":8,"column":0},"end":{"line":8,"column":45}},"6":{"start":{"line":10,"column":0},"end":{"line":10,"column":22}}},"fnMap":{},"branchMap":{},"s":{"0":1,"1":1,"2":1,"3":1,"4":1,"5":1,"6":1},"f":{},"b":{}}
,"C:\\Users\\madhioub\\Desktop\\oms-express-server\\src\\routes\\product.routes.ts": {"path":"C:\\Users\\madhioub\\Desktop\\oms-express-server\\src\\routes\\product.routes.ts","statementMap":{"0":{"start":{"line":1,"column":0},"end":{"line":1,"column":33}},"1":{"start":{"line":2,"column":0},"end":{"line":2,"column":94}},"2":{"start":{"line":3,"column":0},"end":{"line":3,"column":69}},"3":{"start":{"line":4,"column":0},"end":{"line":4,"column":65}},"4":{"start":{"line":6,"column":15},"end":{"line":6,"column":23}},"5":{"start":{"line":8,"column":0},"end":{"line":8,"column":48}},"6":{"start":{"line":9,"column":0},"end":{"line":9,"column":55}},"7":{"start":{"line":11,"column":0},"end":{"line":11,"column":58}},"8":{"start":{"line":12,"column":0},"end":{"line":12,"column":22}}},"fnMap":{},"branchMap":{},"s":{"0":1,"1":1,"2":1,"3":1,"4":1,"5":1,"6":1,"7":1,"8":1},"f":{},"b":{}}
,"C:\\Users\\madhioub\\Desktop\\oms-express-server\\src\\routes\\product_stock.routes.ts": {"path":"C:\\Users\\madhioub\\Desktop\\oms-express-server\\src\\routes\\product_stock.routes.ts","statementMap":{"0":{"start":{"line":1,"column":0},"end":{"line":1,"column":33}},"1":{"start":{"line":2,"column":0},"end":{"line":2,"column":65}},"2":{"start":{"line":3,"column":0},"end":{"line":3,"column":90}},"3":{"start":{"line":5,"column":15},"end":{"line":5,"column":23}},"4":{"start":{"line":7,"column":0},"end":{"line":7,"column":53}},"5":{"start":{"line":8,"column":0},"end":{"line":8,"column":52}},"6":{"start":{"line":10,"column":0},"end":{"line":10,"column":22}}},"fnMap":{},"branchMap":{},"s":{"0":1,"1":1,"2":1,"3":1,"4":1,"5":1,"6":1},"f":{},"b":{}}
,"C:\\Users\\madhioub\\Desktop\\oms-express-server\\src\\routes\\supplier.routes.ts": {"path":"C:\\Users\\madhioub\\Desktop\\oms-express-server\\src\\routes\\supplier.routes.ts","statementMap":{"0":{"start":{"line":1,"column":0},"end":{"line":1,"column":33}},"1":{"start":{"line":2,"column":0},"end":{"line":2,"column":65}},"2":{"start":{"line":3,"column":0},"end":{"line":3,"column":77}},"3":{"start":{"line":5,"column":15},"end":{"line":5,"column":23}},"4":{"start":{"line":7,"column":0},"end":{"line":7,"column":49}},"5":{"start":{"line":8,"column":0},"end":{"line":8,"column":48}},"6":{"start":{"line":10,"column":0},"end":{"line":10,"column":22}}},"fnMap":{},"branchMap":{},"s":{"0":1,"1":1,"2":1,"3":1,"4":1,"5":1,"6":1},"f":{},"b":{}}
,"C:\\Users\\madhioub\\Desktop\\oms-express-server\\src\\routes\\warehouse.routes.ts": {"path":"C:\\Users\\madhioub\\Desktop\\oms-express-server\\src\\routes\\warehouse.routes.ts","statementMap":{"0":{"start":{"line":1,"column":0},"end":{"line":1,"column":33}},"1":{"start":{"line":2,"column":0},"end":{"line":2,"column":65}},"2":{"start":{"line":3,"column":0},"end":{"line":3,"column":80}},"3":{"start":{"line":5,"column":15},"end":{"line":5,"column":23}},"4":{"start":{"line":6,"column":0},"end":{"line":6,"column":50}},"5":{"start":{"line":7,"column":0},"end":{"line":7,"column":49}},"6":{"start":{"line":9,"column":0},"end":{"line":9,"column":22}}},"fnMap":{},"branchMap":{},"s":{"0":1,"1":1,"2":1,"3":1,"4":1,"5":1,"6":1},"f":{},"b":{}}
,"C:\\Users\\madhioub\\Desktop\\oms-express-server\\src\\types\\ad.types.ts": {"path":"C:\\Users\\madhioub\\Desktop\\oms-express-server\\src\\types\\ad.types.ts","statementMap":{"0":{"start":{"line":1,"column":0},"end":{"line":1,"column":24}},"1":{"start":{"line":2,"column":0},"end":{"line":2,"column":45}},"2":{"start":{"line":3,"column":0},"end":{"line":3,"column":null}},"3":{"start":{"line":4,"column":2},"end":{"line":4,"column":null}},"4":{"start":{"line":5,"column":2},"end":{"line":5,"column":null}},"5":{"start":{"line":6,"column":2},"end":{"line":6,"column":null}},"6":{"start":{"line":8,"column":0},"end":{"line":8,"column":null}},"7":{"start":{"line":9,"column":2},"end":{"line":9,"column":null}},"8":{"start":{"line":10,"column":2},"end":{"line":10,"column":null}},"9":{"start":{"line":11,"column":2},"end":{"line":11,"column":null}},"10":{"start":{"line":15,"column":13},"end":{"line":26,"column":3}},"11":{"start":{"line":30,"column":13},"end":{"line":41,"column":12}}},"fnMap":{"0":{"name":"(anonymous_0)","decl":{"start":{"line":3,"column":0},"end":{"line":3,"column":12}},"loc":{"start":{"line":3,"column":18},"end":{"line":7,"column":1}}},"1":{"name":"(anonymous_1)","decl":{"start":{"line":8,"column":0},"end":{"line":8,"column":12}},"loc":{"start":{"line":8,"column":20},"end":{"line":12,"column":1}}}},"branchMap":{"0":{"loc":{"start":{"line":3,"column":12},"end":{"line":3,"column":null}},"type":"binary-expr","locations":[{"start":{"line":3,"column":12},"end":{"line":3,"column":18}},{"start":{"line":3,"column":18},"end":{"line":3,"column":null}}]},"1":{"loc":{"start":{"line":8,"column":12},"end":{"line":8,"column":null}},"type":"binary-expr","locations":[{"start":{"line":8,"column":12},"end":{"line":8,"column":20}},{"start":{"line":8,"column":20},"end":{"line":8,"column":null}}]}},"s":{"0":1,"1":1,"2":1,"3":1,"4":1,"5":1,"6":1,"7":1,"8":1,"9":1,"10":1,"11":1},"f":{"0":1,"1":1},"b":{"0":[1,1],"1":[1,1]}}
,"C:\\Users\\madhioub\\Desktop\\oms-express-server\\src\\types\\zod.types.ts": {"path":"C:\\Users\\madhioub\\Desktop\\oms-express-server\\src\\types\\zod.types.ts","statementMap":{"0":{"start":{"line":1,"column":0},"end":{"line":1,"column":32}},"1":{"start":{"line":2,"column":0},"end":{"line":2,"column":24}},"2":{"start":{"line":4,"column":13},"end":{"line":8,"column":5}},"3":{"start":{"line":6,"column":21},"end":{"line":6,"column":52}}},"fnMap":{"0":{"name":"(anonymous_1)","decl":{"start":{"line":6,"column":10},"end":{"line":6,"column":11}},"loc":{"start":{"line":6,"column":21},"end":{"line":6,"column":52}}}},"branchMap":{},"s":{"0":1,"1":1,"2":1,"3":0},"f":{"0":0},"b":{}}
,"C:\\Users\\madhioub\\Desktop\\oms-express-server\\src\\utils\\apiKeys.ts": {"path":"C:\\Users\\madhioub\\Desktop\\oms-express-server\\src\\utils\\apiKeys.ts","statementMap":{"0":{"start":{"line":1,"column":0},"end":{"line":1,"column":31}},"1":{"start":{"line":8,"column":26},"end":{"line":11,"column":2}},"2":{"start":{"line":12,"column":0},"end":{"line":12,"column":23}}},"fnMap":{},"branchMap":{},"s":{"0":1,"1":1,"2":1},"f":{},"b":{}}
,"C:\\Users\\madhioub\\Desktop\\oms-express-server\\src\\utils\\env.ts": {"path":"C:\\Users\\madhioub\\Desktop\\oms-express-server\\src\\utils\\env.ts","statementMap":{"0":{"start":{"line":1,"column":0},"end":{"line":1,"column":24}},"1":{"start":{"line":2,"column":0},"end":{"line":2,"column":28}},"2":{"start":{"line":4,"column":0},"end":{"line":4,"column":16}},"3":{"start":{"line":6,"column":18},"end":{"line":17,"column":2}},"4":{"start":{"line":11,"column":26},"end":{"line":11,"column":45}},"5":{"start":{"line":19,"column":16},"end":{"line":19,"column":48}},"6":{"start":{"line":21,"column":0},"end":{"line":27,"column":1}},"7":{"start":{"line":22,"column":2},"end":{"line":25,"column":4}},"8":{"start":{"line":26,"column":2},"end":{"line":26,"column":18}},"9":{"start":{"line":29,"column":22},"end":{"line":33,"column":1}},"10":{"start":{"line":32,"column":2},"end":{"line":32,"column":27}},"11":{"start":{"line":29,"column":13},"end":{"line":29,"column":22}}},"fnMap":{"0":{"name":"(anonymous_1)","decl":{"start":{"line":11,"column":15},"end":{"line":11,"column":16}},"loc":{"start":{"line":11,"column":26},"end":{"line":11,"column":45}}},"1":{"name":"(anonymous_2)","decl":{"start":{"line":29,"column":22},"end":{"line":29,"column":null}},"loc":{"start":{"line":31,"column":30},"end":{"line":33,"column":1}}}},"branchMap":{"0":{"loc":{"start":{"line":21,"column":0},"end":{"line":27,"column":1}},"type":"if","locations":[{"start":{"line":21,"column":0},"end":{"line":27,"column":1}}]}},"s":{"0":1,"1":1,"2":1,"3":1,"4":1,"5":1,"6":1,"7":0,"8":0,"9":1,"10":2,"11":1},"f":{"0":1,"1":2},"b":{"0":[0]}}
,"C:\\Users\\madhioub\\Desktop\\oms-express-server\\src\\utils\\fetchCategories.ts": {"path":"C:\\Users\\madhioub\\Desktop\\oms-express-server\\src\\utils\\fetchCategories.ts","statementMap":{"0":{"start":{"line":1,"column":0},"end":{"line":1,"column":26}},"1":{"start":{"line":2,"column":0},"end":{"line":2,"column":62}},"2":{"start":{"line":4,"column":32},"end":{"line":39,"column":1}},"3":{"start":{"line":5,"column":2},"end":{"line":38,"column":3}},"4":{"start":{"line":6,"column":21},"end":{"line":10,"column":null}},"5":{"start":{"line":14,"column":36},"end":{"line":17,"column":7}},"6":{"start":{"line":14,"column":88},"end":{"line":17,"column":6}},"7":{"start":{"line":19,"column":4},"end":{"line":22,"column":5}},"8":{"start":{"line":20,"column":6},"end":{"line":20,"column":45}},"9":{"start":{"line":21,"column":6},"end":{"line":21,"column":13}},"10":{"start":{"line":25,"column":4},"end":{"line":33,"column":6}},"11":{"start":{"line":26,"column":36},"end":{"line":32,"column":8}},"12":{"start":{"line":35,"column":4},"end":{"line":35,"column":53}},"13":{"start":{"line":37,"column":4},"end":{"line":37,"column":65}},"14":{"start":{"line":41,"column":0},"end":{"line":41,"column":39}}},"fnMap":{"0":{"name":"(anonymous_1)","decl":{"start":{"line":4,"column":32},"end":{"line":4,"column":37}},"loc":{"start":{"line":4,"column":58},"end":{"line":39,"column":1}}},"1":{"name":"(anonymous_2)","decl":{"start":{"line":14,"column":68},"end":{"line":14,"column":69}},"loc":{"start":{"line":14,"column":88},"end":{"line":17,"column":6}}},"2":{"name":"(anonymous_3)","decl":{"start":{"line":26,"column":21},"end":{"line":26,"column":22}},"loc":{"start":{"line":26,"column":36},"end":{"line":32,"column":8}}}},"branchMap":{"0":{"loc":{"start":{"line":19,"column":4},"end":{"line":22,"column":5}},"type":"if","locations":[{"start":{"line":19,"column":4},"end":{"line":22,"column":5}}]}},"s":{"0":1,"1":1,"2":1,"3":0,"4":0,"5":0,"6":0,"7":0,"8":0,"9":0,"10":0,"11":0,"12":0,"13":0,"14":1},"f":{"0":0,"1":0,"2":0},"b":{"0":[0]}}
,"C:\\Users\\madhioub\\Desktop\\oms-express-server\\src\\utils\\fetchCustomers.ts": {"path":"C:\\Users\\madhioub\\Desktop\\oms-express-server\\src\\utils\\fetchCustomers.ts","statementMap":{"0":{"start":{"line":1,"column":0},"end":{"line":1,"column":26}},"1":{"start":{"line":2,"column":0},"end":{"line":2,"column":62}},"2":{"start":{"line":10,"column":31},"end":{"line":64,"column":1}},"3":{"start":{"line":11,"column":2},"end":{"line":63,"column":3}},"4":{"start":{"line":12,"column":21},"end":{"line":16,"column":null}},"5":{"start":{"line":19,"column":22},"end":{"line":42,"column":6}},"6":{"start":{"line":21,"column":31},"end":{"line":22,"column":null}},"7":{"start":{"line":22,"column":62},"end":{"line":22,"column":95}},"8":{"start":{"line":26,"column":19},"end":{"line":26,"column":46}},"9":{"start":{"line":27,"column":31},"end":{"line":27,"column":70}},"10":{"start":{"line":28,"column":26},"end":{"line":28,"column":60}},"11":{"start":{"line":30,"column":6},"end":{"line":41,"column":8}},"12":{"start":{"line":44,"column":4},"end":{"line":47,"column":5}},"13":{"start":{"line":45,"column":6},"end":{"line":45,"column":44}},"14":{"start":{"line":46,"column":6},"end":{"line":46,"column":13}},"15":{"start":{"line":50,"column":4},"end":{"line":58,"column":6}},"16":{"start":{"line":51,"column":46},"end":{"line":57,"column":8}},"17":{"start":{"line":60,"column":4},"end":{"line":60,"column":52}},"18":{"start":{"line":62,"column":4},"end":{"line":62,"column":64}},"19":{"start":{"line":66,"column":0},"end":{"line":66,"column":38}}},"fnMap":{"0":{"name":"(anonymous_1)","decl":{"start":{"line":10,"column":31},"end":{"line":10,"column":36}},"loc":{"start":{"line":10,"column":57},"end":{"line":64,"column":1}}},"1":{"name":"(anonymous_2)","decl":{"start":{"line":19,"column":46},"end":{"line":19,"column":47}},"loc":{"start":{"line":19,"column":64},"end":{"line":42,"column":5}}},"2":{"name":"(anonymous_3)","decl":{"start":{"line":22,"column":47},"end":{"line":22,"column":48}},"loc":{"start":{"line":22,"column":62},"end":{"line":22,"column":95}}},"3":{"name":"(anonymous_4)","decl":{"start":{"line":51,"column":20},"end":{"line":51,"column":21}},"loc":{"start":{"line":51,"column":46},"end":{"line":57,"column":8}}}},"branchMap":{"0":{"loc":{"start":{"line":22,"column":9},"end":{"line":22,"column":41}},"type":"binary-expr","locations":[{"start":{"line":22,"column":9},"end":{"line":22,"column":35}},{"start":{"line":22,"column":39},"end":{"line":22,"column":41}}]},"1":{"loc":{"start":{"line":26,"column":19},"end":{"line":26,"column":46}},"type":"binary-expr","locations":[{"start":{"line":26,"column":19},"end":{"line":26,"column":40}},{"start":{"line":26,"column":44},"end":{"line":26,"column":46}}]},"2":{"loc":{"start":{"line":27,"column":31},"end":{"line":27,"column":70}},"type":"binary-expr","locations":[{"start":{"line":27,"column":31},"end":{"line":27,"column":64}},{"start":{"line":27,"column":68},"end":{"line":27,"column":70}}]},"3":{"loc":{"start":{"line":28,"column":26},"end":{"line":28,"column":60}},"type":"binary-expr","locations":[{"start":{"line":28,"column":26},"end":{"line":28,"column":54}},{"start":{"line":28,"column":58},"end":{"line":28,"column":60}}]},"4":{"loc":{"start":{"line":37,"column":19},"end":{"line":37,"column":43}},"type":"binary-expr","locations":[{"start":{"line":37,"column":19},"end":{"line":37,"column":37}},{"start":{"line":37,"column":41},"end":{"line":37,"column":43}}]},"5":{"loc":{"start":{"line":44,"column":4},"end":{"line":47,"column":5}},"type":"if","locations":[{"start":{"line":44,"column":4},"end":{"line":47,"column":5}}]}},"s":{"0":1,"1":1,"2":1,"3":0,"4":0,"5":0,"6":0,"7":0,"8":0,"9":0,"10":0,"11":0,"12":0,"13":0,"14":0,"15":0,"16":0,"17":0,"18":0,"19":1},"f":{"0":0,"1":0,"2":0,"3":0},"b":{"0":[0,0],"1":[0,0],"2":[0,0],"3":[0,0],"4":[0,0],"5":[0]}}
,"C:\\Users\\madhioub\\Desktop\\oms-express-server\\src\\utils\\fetchOrders.ts": {"path":"C:\\Users\\madhioub\\Desktop\\oms-express-server\\src\\utils\\fetchOrders.ts","statementMap":{"0":{"start":{"line":1,"column":0},"end":{"line":1,"column":26}},"1":{"start":{"line":2,"column":0},"end":{"line":2,"column":53}},"2":{"start":{"line":4,"column":28},"end":{"line":35,"column":1}},"3":{"start":{"line":5,"column":2},"end":{"line":34,"column":3}},"4":{"start":{"line":6,"column":21},"end":{"line":10,"column":null}},"5":{"start":{"line":13,"column":29},"end":{"line":13,"column":48}},"6":{"start":{"line":15,"column":4},"end":{"line":18,"column":5}},"7":{"start":{"line":16,"column":6},"end":{"line":16,"column":41}},"8":{"start":{"line":17,"column":6},"end":{"line":17,"column":13}},"9":{"start":{"line":21,"column":4},"end":{"line":29,"column":6}},"10":{"start":{"line":22,"column":29},"end":{"line":28,"column":8}},"11":{"start":{"line":31,"column":4},"end":{"line":31,"column":49}},"12":{"start":{"line":33,"column":4},"end":{"line":33,"column":61}},"13":{"start":{"line":37,"column":0},"end":{"line":37,"column":35}}},"fnMap":{"0":{"name":"(anonymous_1)","decl":{"start":{"line":4,"column":28},"end":{"line":4,"column":33}},"loc":{"start":{"line":4,"column":54},"end":{"line":35,"column":1}}},"1":{"name":"(anonymous_2)","decl":{"start":{"line":22,"column":17},"end":{"line":22,"column":18}},"loc":{"start":{"line":22,"column":29},"end":{"line":28,"column":8}}}},"branchMap":{"0":{"loc":{"start":{"line":15,"column":4},"end":{"line":18,"column":5}},"type":"if","locations":[{"start":{"line":15,"column":4},"end":{"line":18,"column":5}}]},"1":{"loc":{"start":{"line":15,"column":8},"end":{"line":15,"column":38}},"type":"binary-expr","locations":[{"start":{"line":15,"column":8},"end":{"line":15,"column":15}},{"start":{"line":15,"column":19},"end":{"line":15,"column":38}}]}},"s":{"0":1,"1":1,"2":1,"3":0,"4":0,"5":0,"6":0,"7":0,"8":0,"9":0,"10":0,"11":0,"12":0,"13":1},"f":{"0":0,"1":0},"b":{"0":[0],"1":[0,0]}}
,"C:\\Users\\madhioub\\Desktop\\oms-express-server\\src\\utils\\fetchProductStock.ts": {"path":"C:\\Users\\madhioub\\Desktop\\oms-express-server\\src\\utils\\fetchProductStock.ts","statementMap":{"0":{"start":{"line":1,"column":0},"end":{"line":1,"column":26}},"1":{"start":{"line":2,"column":0},"end":{"line":2,"column":56}},"2":{"start":{"line":22,"column":26},"end":{"line":90,"column":1}},"3":{"start":{"line":23,"column":2},"end":{"line":89,"column":3}},"4":{"start":{"line":25,"column":26},"end":{"line":27,"column":null}},"5":{"start":{"line":31,"column":25},"end":{"line":31,"column":78}},"6":{"start":{"line":32,"column":4},"end":{"line":34,"column":7}},"7":{"start":{"line":33,"column":6},"end":{"line":33,"column":63}},"8":{"start":{"line":37,"column":24},"end":{"line":42,"column":null}},"9":{"start":{"line":46,"column":22},"end":{"line":68,"column":8}},"10":{"start":{"line":47,"column":25},"end":{"line":47,"column":45}},"11":{"start":{"line":49,"column":27},"end":{"line":49,"column":73}},"12":{"start":{"line":50,"column":24},"end":{"line":50,"column":73}},"13":{"start":{"line":52,"column":29},"end":{"line":61,"column":90}},"14":{"start":{"line":54,"column":30},"end":{"line":54,"column":50}},"15":{"start":{"line":55,"column":12},"end":{"line":59,"column":21}},"16":{"start":{"line":63,"column":8},"end":{"line":67,"column":10}},"17":{"start":{"line":71,"column":23},"end":{"line":80,"column":7}},"18":{"start":{"line":71,"column":46},"end":{"line":80,"column":6}},"19":{"start":{"line":83,"column":4},"end":{"line":83,"column":45}},"20":{"start":{"line":84,"column":4},"end":{"line":84,"column":69}},"21":{"start":{"line":87,"column":4},"end":{"line":87,"column":50}},"22":{"start":{"line":88,"column":4},"end":{"line":88,"column":16}},"23":{"start":{"line":92,"column":0},"end":{"line":92,"column":33}}},"fnMap":{"0":{"name":"(anonymous_1)","decl":{"start":{"line":22,"column":26},"end":{"line":22,"column":31}},"loc":{"start":{"line":22,"column":52},"end":{"line":90,"column":1}}},"1":{"name":"(anonymous_2)","decl":{"start":{"line":32,"column":31},"end":{"line":32,"column":32}},"loc":{"start":{"line":32,"column":35},"end":{"line":34,"column":5}}},"2":{"name":"(anonymous_3)","decl":{"start":{"line":47,"column":14},"end":{"line":47,"column":21}},"loc":{"start":{"line":47,"column":25},"end":{"line":47,"column":45}}},"3":{"name":"(anonymous_4)","decl":{"start":{"line":48,"column":11},"end":{"line":48,"column":18}},"loc":{"start":{"line":48,"column":21},"end":{"line":68,"column":7}}},"4":{"name":"(anonymous_5)","decl":{"start":{"line":53,"column":15},"end":{"line":53,"column":17}},"loc":{"start":{"line":53,"column":20},"end":{"line":60,"column":11}}},"5":{"name":"(anonymous_6)","decl":{"start":{"line":71,"column":37},"end":{"line":71,"column":41}},"loc":{"start":{"line":71,"column":46},"end":{"line":80,"column":6}}}},"branchMap":{"0":{"loc":{"start":{"line":49,"column":27},"end":{"line":49,"column":73}},"type":"binary-expr","locations":[{"start":{"line":49,"column":27},"end":{"line":49,"column":67}},{"start":{"line":49,"column":71},"end":{"line":49,"column":73}}]},"1":{"loc":{"start":{"line":50,"column":24},"end":{"line":50,"column":73}},"type":"binary-expr","locations":[{"start":{"line":50,"column":24},"end":{"line":50,"column":68}},{"start":{"line":50,"column":72},"end":{"line":50,"column":73}}]},"2":{"loc":{"start":{"line":55,"column":19},"end":{"line":59,"column":20}},"type":"cond-expr","locations":[{"start":{"line":55,"column":31},"end":{"line":59,"column":14}},{"start":{"line":59,"column":16},"end":{"line":59,"column":20}}]}},"s":{"0":1,"1":1,"2":1,"3":0,"4":0,"5":0,"6":0,"7":0,"8":0,"9":0,"10":0,"11":0,"12":0,"13":0,"14":0,"15":0,"16":0,"17":0,"18":0,"19":0,"20":0,"21":0,"22":0,"23":1},"f":{"0":0,"1":0,"2":0,"3":0,"4":0,"5":0},"b":{"0":[0,0],"1":[0,0],"2":[0,0]}}
,"C:\\Users\\madhioub\\Desktop\\oms-express-server\\src\\utils\\fetchProducts.ts": {"path":"C:\\Users\\madhioub\\Desktop\\oms-express-server\\src\\utils\\fetchProducts.ts","statementMap":{"0":{"start":{"line":1,"column":0},"end":{"line":1,"column":26}},"1":{"start":{"line":4,"column":30},"end":{"line":81,"column":1}},"2":{"start":{"line":5,"column":2},"end":{"line":80,"column":3}},"3":{"start":{"line":6,"column":21},"end":{"line":10,"column":null}},"4":{"start":{"line":13,"column":21},"end":{"line":59,"column":6}},"5":{"start":{"line":14,"column":25},"end":{"line":14,"column":68}},"6":{"start":{"line":17,"column":8},"end":{"line":19,"column":15}},"7":{"start":{"line":18,"column":24},"end":{"line":18,"column":39}},"8":{"start":{"line":21,"column":31},"end":{"line":25,"column":null}},"9":{"start":{"line":22,"column":58},"end":{"line":25,"column":10}},"10":{"start":{"line":28,"column":6},"end":{"line":58,"column":8}},"11":{"start":{"line":61,"column":4},"end":{"line":64,"column":5}},"12":{"start":{"line":62,"column":6},"end":{"line":62,"column":43}},"13":{"start":{"line":63,"column":6},"end":{"line":63,"column":13}},"14":{"start":{"line":77,"column":4},"end":{"line":77,"column":51}},"15":{"start":{"line":79,"column":4},"end":{"line":79,"column":63}},"16":{"start":{"line":83,"column":0},"end":{"line":83,"column":37}}},"fnMap":{"0":{"name":"(anonymous_1)","decl":{"start":{"line":4,"column":30},"end":{"line":4,"column":35}},"loc":{"start":{"line":4,"column":56},"end":{"line":81,"column":1}}},"1":{"name":"(anonymous_2)","decl":{"start":{"line":13,"column":45},"end":{"line":13,"column":46}},"loc":{"start":{"line":13,"column":59},"end":{"line":59,"column":5}}},"2":{"name":"(anonymous_3)","decl":{"start":{"line":18,"column":10},"end":{"line":18,"column":11}},"loc":{"start":{"line":18,"column":24},"end":{"line":18,"column":39}}},"3":{"name":"(anonymous_4)","decl":{"start":{"line":22,"column":43},"end":{"line":22,"column":44}},"loc":{"start":{"line":22,"column":58},"end":{"line":25,"column":10}}}},"branchMap":{"0":{"loc":{"start":{"line":14,"column":25},"end":{"line":14,"column":68}},"type":"binary-expr","locations":[{"start":{"line":14,"column":25},"end":{"line":14,"column":62}},{"start":{"line":14,"column":66},"end":{"line":14,"column":68}}]},"1":{"loc":{"start":{"line":17,"column":8},"end":{"line":19,"column":15}},"type":"binary-expr","locations":[{"start":{"line":17,"column":8},"end":{"line":18,"column":null}},{"start":{"line":19,"column":13},"end":{"line":19,"column":15}}]},"2":{"loc":{"start":{"line":22,"column":9},"end":{"line":22,"column":37}},"type":"binary-expr","locations":[{"start":{"line":22,"column":9},"end":{"line":22,"column":31}},{"start":{"line":22,"column":35},"end":{"line":22,"column":37}}]},"3":{"loc":{"start":{"line":35,"column":21},"end":{"line":35,"column":65}},"type":"binary-expr","locations":[{"start":{"line":35,"column":21},"end":{"line":35,"column":59}},{"start":{"line":35,"column":63},"end":{"line":35,"column":65}}]},"4":{"loc":{"start":{"line":37,"column":14},"end":{"line":39,"column":21}},"type":"cond-expr","locations":[{"start":{"line":38,"column":12},"end":{"line":38,"column":45}},{"start":{"line":39,"column":12},"end":{"line":39,"column":21}}]},"5":{"loc":{"start":{"line":40,"column":23},"end":{"line":42,"column":21}},"type":"cond-expr","locations":[{"start":{"line":41,"column":12},"end":{"line":41,"column":54}},{"start":{"line":42,"column":12},"end":{"line":42,"column":21}}]},"6":{"loc":{"start":{"line":43,"column":15},"end":{"line":43,"column":50}},"type":"binary-expr","locations":[{"start":{"line":43,"column":15},"end":{"line":43,"column":37}},{"start":{"line":43,"column":41},"end":{"line":43,"column":50}}]},"7":{"loc":{"start":{"line":44,"column":17},"end":{"line":44,"column":54}},"type":"binary-expr","locations":[{"start":{"line":44,"column":17},"end":{"line":44,"column":41}},{"start":{"line":44,"column":45},"end":{"line":44,"column":54}}]},"8":{"loc":{"start":{"line":45,"column":22},"end":{"line":45,"column":64}},"type":"binary-expr","locations":[{"start":{"line":45,"column":22},"end":{"line":45,"column":51}},{"start":{"line":45,"column":55},"end":{"line":45,"column":64}}]},"9":{"loc":{"start":{"line":61,"column":4},"end":{"line":64,"column":5}},"type":"if","locations":[{"start":{"line":61,"column":4},"end":{"line":64,"column":5}}]}},"s":{"0":1,"1":1,"2":0,"3":0,"4":0,"5":0,"6":0,"7":0,"8":0,"9":0,"10":0,"11":0,"12":0,"13":0,"14":0,"15":0,"16":1},"f":{"0":0,"1":0,"2":0,"3":0},"b":{"0":[0,0],"1":[0,0],"2":[0,0],"3":[0,0],"4":[0,0],"5":[0,0],"6":[0,0],"7":[0,0],"8":[0,0],"9":[0]}}
,"C:\\Users\\madhioub\\Desktop\\oms-express-server\\src\\utils\\fetchSuppliers.ts": {"path":"C:\\Users\\madhioub\\Desktop\\oms-express-server\\src\\utils\\fetchSuppliers.ts","statementMap":{"0":{"start":{"line":1,"column":0},"end":{"line":1,"column":20}},"1":{"start":{"line":2,"column":0},"end":{"line":2,"column":24}},"2":{"start":{"line":3,"column":0},"end":{"line":3,"column":62}},"3":{"start":{"line":5,"column":31},"end":{"line":35,"column":1}},"4":{"start":{"line":6,"column":2},"end":{"line":34,"column":3}},"5":{"start":{"line":8,"column":21},"end":{"line":8,"column":67}},"6":{"start":{"line":9,"column":21},"end":{"line":9,"column":55}},"7":{"start":{"line":12,"column":17},"end":{"line":12,"column":37}},"8":{"start":{"line":13,"column":35},"end":{"line":13,"column":49}},"9":{"start":{"line":15,"column":4},"end":{"line":18,"column":5}},"10":{"start":{"line":16,"column":6},"end":{"line":16,"column":44}},"11":{"start":{"line":17,"column":6},"end":{"line":17,"column":13}},"12":{"start":{"line":21,"column":4},"end":{"line":29,"column":6}},"13":{"start":{"line":22,"column":35},"end":{"line":28,"column":8}},"14":{"start":{"line":31,"column":4},"end":{"line":31,"column":52}},"15":{"start":{"line":33,"column":4},"end":{"line":33,"column":64}},"16":{"start":{"line":37,"column":0},"end":{"line":37,"column":38}}},"fnMap":{"0":{"name":"(anonymous_1)","decl":{"start":{"line":5,"column":31},"end":{"line":5,"column":36}},"loc":{"start":{"line":5,"column":57},"end":{"line":35,"column":1}}},"1":{"name":"(anonymous_2)","decl":{"start":{"line":22,"column":20},"end":{"line":22,"column":21}},"loc":{"start":{"line":22,"column":35},"end":{"line":28,"column":8}}}},"branchMap":{"0":{"loc":{"start":{"line":15,"column":4},"end":{"line":18,"column":5}},"type":"if","locations":[{"start":{"line":15,"column":4},"end":{"line":18,"column":5}}]},"1":{"loc":{"start":{"line":15,"column":8},"end":{"line":15,"column":44}},"type":"binary-expr","locations":[{"start":{"line":15,"column":8},"end":{"line":15,"column":18}},{"start":{"line":15,"column":22},"end":{"line":15,"column":44}}]}},"s":{"0":1,"1":1,"2":1,"3":1,"4":0,"5":0,"6":0,"7":0,"8":0,"9":0,"10":0,"11":0,"12":0,"13":0,"14":0,"15":0,"16":1},"f":{"0":0,"1":0},"b":{"0":[0],"1":[0,0]}}
,"C:\\Users\\madhioub\\Desktop\\oms-express-server\\src\\utils\\fetchWarehouses.ts": {"path":"C:\\Users\\madhioub\\Desktop\\oms-express-server\\src\\utils\\fetchWarehouses.ts","statementMap":{"0":{"start":{"line":1,"column":0},"end":{"line":1,"column":26}},"1":{"start":{"line":2,"column":0},"end":{"line":2,"column":28}},"2":{"start":{"line":3,"column":0},"end":{"line":3,"column":49}},"3":{"start":{"line":5,"column":0},"end":{"line":5,"column":16}},"4":{"start":{"line":7,"column":32},"end":{"line":49,"column":1}},"5":{"start":{"line":8,"column":2},"end":{"line":48,"column":3}},"6":{"start":{"line":9,"column":21},"end":{"line":13,"column":null}},"7":{"start":{"line":16,"column":4},"end":{"line":19,"column":5}},"8":{"start":{"line":17,"column":6},"end":{"line":17,"column":72}},"9":{"start":{"line":18,"column":6},"end":{"line":18,"column":13}},"10":{"start":{"line":21,"column":23},"end":{"line":27,"column":null}},"11":{"start":{"line":22,"column":6},"end":{"line":27,"column":8}},"12":{"start":{"line":30,"column":4},"end":{"line":33,"column":5}},"13":{"start":{"line":31,"column":6},"end":{"line":31,"column":45}},"14":{"start":{"line":32,"column":6},"end":{"line":32,"column":13}},"15":{"start":{"line":35,"column":4},"end":{"line":43,"column":6}},"16":{"start":{"line":36,"column":37},"end":{"line":42,"column":8}},"17":{"start":{"line":45,"column":4},"end":{"line":45,"column":53}},"18":{"start":{"line":47,"column":4},"end":{"line":47,"column":82}},"19":{"start":{"line":51,"column":0},"end":{"line":51,"column":39}}},"fnMap":{"0":{"name":"(anonymous_1)","decl":{"start":{"line":7,"column":32},"end":{"line":7,"column":37}},"loc":{"start":{"line":7,"column":58},"end":{"line":49,"column":1}}},"1":{"name":"(anonymous_2)","decl":{"start":{"line":21,"column":41},"end":{"line":21,"column":42}},"loc":{"start":{"line":22,"column":6},"end":{"line":27,"column":8}}},"2":{"name":"(anonymous_3)","decl":{"start":{"line":36,"column":21},"end":{"line":36,"column":22}},"loc":{"start":{"line":36,"column":37},"end":{"line":42,"column":8}}}},"branchMap":{"0":{"loc":{"start":{"line":16,"column":4},"end":{"line":19,"column":5}},"type":"if","locations":[{"start":{"line":16,"column":4},"end":{"line":19,"column":5}}]},"1":{"loc":{"start":{"line":30,"column":4},"end":{"line":33,"column":5}},"type":"if","locations":[{"start":{"line":30,"column":4},"end":{"line":33,"column":5}}]},"2":{"loc":{"start":{"line":47,"column":58},"end":{"line":47,"column":80}},"type":"binary-expr","locations":[{"start":{"line":47,"column":58},"end":{"line":47,"column":71}},{"start":{"line":47,"column":75},"end":{"line":47,"column":80}}]}},"s":{"0":1,"1":1,"2":1,"3":1,"4":1,"5":0,"6":0,"7":0,"8":0,"9":0,"10":0,"11":0,"12":0,"13":0,"14":0,"15":0,"16":0,"17":0,"18":0,"19":1},"f":{"0":0,"1":0,"2":0},"b":{"0":[0],"1":[0],"2":[0,0]}}
,"C:\\Users\\madhioub\\Desktop\\oms-express-server\\src\\utils\\multerConfig.ts": {"path":"C:\\Users\\madhioub\\Desktop\\oms-express-server\\src\\utils\\multerConfig.ts","statementMap":{"0":{"start":{"line":1,"column":0},"end":{"line":1,"column":47}},"1":{"start":{"line":2,"column":0},"end":{"line":2,"column":24}},"2":{"start":{"line":5,"column":31},"end":{"line":12,"column":2}},"3":{"start":{"line":7,"column":4},"end":{"line":7,"column":52}},"4":{"start":{"line":10,"column":4},"end":{"line":10,"column":51}},"5":{"start":{"line":14,"column":13},"end":{"line":14,"column":42}}},"fnMap":{"0":{"name":"(anonymous_1)","decl":{"start":{"line":6,"column":15},"end":{"line":6,"column":16}},"loc":{"start":{"line":6,"column":44},"end":{"line":8,"column":3}}},"1":{"name":"(anonymous_2)","decl":{"start":{"line":9,"column":12},"end":{"line":9,"column":13}},"loc":{"start":{"line":9,"column":40},"end":{"line":11,"column":3}}}},"branchMap":{},"s":{"0":1,"1":1,"2":1,"3":0,"4":0,"5":1},"f":{"0":0,"1":0},"b":{}}
}
